# JRE version: Java(TM) SE Runtime Environment (8.0_45-b15) (build 1.8.0_45-b15)
# Java VM: Java HotSpot(TM) 64-Bit Server VM (25.45-b02 mixed mode windows-amd64 compressed oops)
Heap:
 PSYoungGen      total 2299904K, used 1033699K [0x000000070eb00000, 0x00000007c0000000, 0x00000007c0000000)
  eden space 1654272K, 50% used [0x000000070eb00000,0x000000074222c0b8,0x0000000773a80000)
  from space 645632K, 29% used [0x0000000798980000,0x00000007a43ccda8,0x00000007c0000000)
  to   space 605184K, 30% used [0x0000000773a80000,0x000000077ef1a4c8,0x0000000798980000)
 ParOldGen       total 5811200K, used 1716012K [0x00000005ac000000, 0x000000070eb00000, 0x000000070eb00000)
  object space 5811200K, 29% used [0x00000005ac000000,0x0000000614bcb3f0,0x000000070eb00000)
 Metaspace       used 150024K, capacity 154205K, committed 154536K, reserved 1179648K
  class space    used 23263K, capacity 24279K, committed 24488K, reserved 1048576K
GC Heap History (10 events):
Event: 162.698 GC heap before
{Heap before GC invocations=44 (full 5):
 PSYoungGen      total 1949696K, used 367445K [0x000000070eb00000, 0x00000007c0000000, 0x00000007c0000000)
  eden space 1582080K, 0% used [0x000000070eb00000,0x000000070eb00000,0x000000076f400000)
  from space 367616K, 99% used [0x000000076f400000,0x0000000785ad5628,0x0000000785b00000)
  to   space 668672K, 0% used [0x0000000797300000,0x0000000797300000,0x00000007c0000000)
 ParOldGen       total 5811200K, used 1531960K [0x00000005ac000000, 0x000000070eb00000, 0x000000070eb00000)
  object space 5811200K, 26% used [0x00000005ac000000,0x000000060980e080,0x000000070eb00000)
 Metaspace       used 141896K, capacity 146099K, committed 146472K, reserved 1173504K
  class space    used 22283K, capacity 23220K, committed 23336K, reserved 1048576K
Event: 165.569 GC heap after
Heap after GC invocations=44 (full 5):
 PSYoungGen      total 1949696K, used 0K [0x000000070eb00000, 0x00000007c0000000, 0x00000007c0000000)
  eden space 1582080K, 0% used [0x000000070eb00000,0x000000070eb00000,0x000000076f400000)
  from space 367616K, 0% used [0x000000076f400000,0x000000076f400000,0x0000000785b00000)
  to   space 668672K, 0% used [0x0000000797300000,0x0000000797300000,0x00000007c0000000)
 ParOldGen       total 5811200K, used 1715989K [0x00000005ac000000, 0x000000070eb00000, 0x000000070eb00000)
  object space 5811200K, 29% used [0x00000005ac000000,0x0000000614bc5410,0x000000070eb00000)
 Metaspace       used 141546K, capacity 145067K, committed 146472K, reserved 1173504K
  class space    used 22227K, capacity 23116K, committed 23336K, reserved 1048576K
}
Event: 165.569 GC heap before
{Heap before GC invocations=45 (full 5):
 PSYoungGen      total 1949696K, used 0K [0x000000070eb00000, 0x00000007c0000000, 0x00000007c0000000)
  eden space 1582080K, 0% used [0x000000070eb00000,0x000000070eb00000,0x000000076f400000)
  from space 367616K, 0% used [0x000000076f400000,0x000000076f400000,0x0000000785b00000)
  to   space 668672K, 0% used [0x0000000797300000,0x0000000797300000,0x00000007c0000000)
 ParOldGen       total 5811200K, used 1715989K [0x00000005ac000000, 0x000000070eb00000, 0x000000070eb00000)
  object space 5811200K, 29% used [0x00000005ac000000,0x0000000614bc5410,0x000000070eb00000)
 Metaspace       used 141546K, capacity 145067K, committed 146472K, reserved 1173504K
  class space    used 22227K, capacity 23116K, committed 23336K, reserved 1048576K
Event: 165.575 GC heap after
Heap after GC invocations=45 (full 5):
 PSYoungGen      total 2236928K, used 0K [0x000000070eb00000, 0x00000007c0000000, 0x00000007c0000000)
  eden space 1568256K, 0% used [0x000000070eb00000,0x000000070eb00000,0x000000076e680000)
  from space 668672K, 0% used [0x0000000797300000,0x0000000797300000,0x00000007c0000000)
  to   space 668160K, 0% used [0x000000076e680000,0x000000076e680000,0x0000000797300000)
 ParOldGen       total 5811200K, used 1715989K [0x00000005ac000000, 0x000000070eb00000, 0x000000070eb00000)
  object space 5811200K, 29% used [0x00000005ac000000,0x0000000614bc5410,0x000000070eb00000)
 Metaspace       used 141546K, capacity 145067K, committed 146472K, reserved 1173504K
  class space    used 22227K, capacity 23116K, committed 23336K, reserved 1048576K
}
Event: 165.575 GC heap before
{Heap before GC invocations=46 (full 6):
 PSYoungGen      total 2236928K, used 0K [0x000000070eb00000, 0x00000007c0000000, 0x00000007c0000000)
  eden space 1568256K, 0% used [0x000000070eb00000,0x000000070eb00000,0x000000076e680000)
  from space 668672K, 0% used [0x0000000797300000,0x0000000797300000,0x00000007c0000000)
  to   space 668160K, 0% used [0x000000076e680000,0x000000076e680000,0x0000000797300000)
 ParOldGen       total 5811200K, used 1715989K [0x00000005ac000000, 0x000000070eb00000, 0x000000070eb00000)
  object space 5811200K, 29% used [0x00000005ac000000,0x0000000614bc5410,0x000000070eb00000)
 Metaspace       used 141546K, capacity 145067K, committed 146472K, reserved 1173504K
  class space    used 22227K, capacity 23116K, committed 23336K, reserved 1048576K
Event: 166.908 GC heap after
Heap after GC invocations=46 (full 6):
 PSYoungGen      total 2236928K, used 0K [0x000000070eb00000, 0x00000007c0000000, 0x00000007c0000000)
  eden space 1568256K, 0% used [0x000000070eb00000,0x000000070eb00000,0x000000076e680000)
  from space 668672K, 0% used [0x0000000797300000,0x0000000797300000,0x00000007c0000000)
  to   space 668160K, 0% used [0x000000076e680000,0x000000076e680000,0x0000000797300000)
 ParOldGen       total 5811200K, used 1715988K [0x00000005ac000000, 0x000000070eb00000, 0x000000070eb00000)
  object space 5811200K, 29% used [0x00000005ac000000,0x0000000614bc53f0,0x000000070eb00000)
 Metaspace       used 141546K, capacity 145067K, committed 146472K, reserved 1173504K
  class space    used 22227K, capacity 23116K, committed 23336K, reserved 1048576K
}
Event: 170.796 GC heap before
{Heap before GC invocations=47 (full 6):
 PSYoungGen      total 2236928K, used 1568256K [0x000000070eb00000, 0x00000007c0000000, 0x00000007c0000000)
  eden space 1568256K, 100% used [0x000000070eb00000,0x000000076e680000,0x000000076e680000)
  from space 668672K, 0% used [0x0000000797300000,0x0000000797300000,0x00000007c0000000)
  to   space 668160K, 0% used [0x000000076e680000,0x000000076e680000,0x0000000797300000)
 ParOldGen       total 5811200K, used 1715988K [0x00000005ac000000, 0x000000070eb00000, 0x000000070eb00000)
  object space 5811200K, 29% used [0x00000005ac000000,0x0000000614bc53f0,0x000000070eb00000)
 Metaspace       used 143272K, capacity 147217K, committed 147496K, reserved 1173504K
  class space    used 22475K, capacity 23457K, committed 23592K, reserved 1048576K
Event: 170.837 GC heap after
Heap after GC invocations=47 (full 6):
 PSYoungGen      total 2236416K, used 88570K [0x000000070eb00000, 0x00000007c0000000, 0x00000007c0000000)
  eden space 1568256K, 0% used [0x000000070eb00000,0x000000070eb00000,0x000000076e680000)
  from space 668160K, 13% used [0x000000076e680000,0x0000000773cfe9e8,0x0000000797300000)
  to   space 645632K, 0% used [0x0000000798980000,0x0000000798980000,0x00000007c0000000)
 ParOldGen       total 5811200K, used 1715996K [0x00000005ac000000, 0x000000070eb00000, 0x000000070eb00000)
  object space 5811200K, 29% used [0x00000005ac000000,0x0000000614bc73f0,0x000000070eb00000)
 Metaspace       used 143272K, capacity 147217K, committed 147496K, reserved 1173504K
  class space    used 22475K, capacity 23457K, committed 23592K, reserved 1048576K
}
Event: 175.992 GC heap before
{Heap before GC invocations=48 (full 6):
 PSYoungGen      total 2236416K, used 1656826K [0x000000070eb00000, 0x00000007c0000000, 0x00000007c0000000)
  eden space 1568256K, 100% used [0x000000070eb00000,0x000000076e680000,0x000000076e680000)
  from space 668160K, 13% used [0x000000076e680000,0x0000000773cfe9e8,0x0000000797300000)
  to   space 645632K, 0% used [0x0000000798980000,0x0000000798980000,0x00000007c0000000)
 ParOldGen       total 5811200K, used 1715996K [0x00000005ac000000, 0x000000070eb00000, 0x000000070eb00000)
  object space 5811200K, 29% used [0x00000005ac000000,0x0000000614bc73f0,0x000000070eb00000)
 Metaspace       used 146178K, capacity 150173K, committed 150440K, reserved 1175552K
  class space    used 22782K, capacity 23753K, committed 23976K, reserved 1048576K
Event: 176.050 GC heap after
Heap after GC invocations=48 (full 6):
 PSYoungGen      total 2299904K, used 190771K [0x000000070eb00000, 0x00000007c0000000, 0x00000007c0000000)
  eden space 1654272K, 0% used [0x000000070eb00000,0x000000070eb00000,0x0000000773a80000)
  from space 645632K, 29% used [0x0000000798980000,0x00000007a43ccda8,0x00000007c0000000)
  to   space 605184K, 0% used [0x0000000773a80000,0x0000000773a80000,0x0000000798980000)
 ParOldGen       total 5811200K, used 1716004K [0x00000005ac000000, 0x000000070eb00000, 0x000000070eb00000)
  object space 5811200K, 29% used [0x00000005ac000000,0x0000000614bc93f0,0x000000070eb00000)
 Metaspace       used 146178K, capacity 150173K, committed 150440K, reserved 1175552K
  class space    used 22782K, capacity 23753K, committed 23976K, reserved 1048576K
}

