# JRE version: Java(TM) SE Runtime Environment (8.0_45-b15) (build 1.8.0_45-b15)
# Java VM: Java HotSpot(TM) 64-Bit Server VM (25.45-b02 mixed mode windows-amd64 compressed oops)
Heap:
 PSYoungGen      total 2289664K, used 1114391K [0x000000070eb00000, 0x00000007c0000000, 0x00000007c0000000)
  eden space 1702912K, 52% used [0x000000070eb00000,0x00000007455d2df8,0x0000000776a00000)
  from space 586752K, 37% used [0x0000000776a00000,0x0000000783f72f90,0x000000079a700000)
  to   space 551936K, 0% used [0x000000079e500000,0x000000079e500000,0x00000007c0000000)
 ParOldGen       total 5811200K, used 1812393K [0x00000005ac000000, 0x000000070eb00000, 0x000000070eb00000)
  object space 5811200K, 31% used [0x00000005ac000000,0x000000061a9ea578,0x000000070eb00000)
 Metaspace       used 155152K, capacity 160453K, committed 160792K, reserved 1185792K
  class space    used 24323K, capacity 25501K, committed 25624K, reserved 1048576K
GC Heap History (10 events):
Event: 168.974 GC heap before
{Heap before GC invocations=41 (full 5):
 PSYoungGen      total 2293248K, used 307010K [0x000000070eb00000, 0x00000007c0000000, 0x00000007c0000000)
  eden space 1669632K, 0% used [0x000000070eb00000,0x000000070eb00000,0x0000000774980000)
  from space 623616K, 49% used [0x0000000799f00000,0x00000007acad0bc0,0x00000007c0000000)
  to   space 611840K, 0% used [0x0000000774980000,0x0000000774980000,0x0000000799f00000)
 ParOldGen       total 5811200K, used 1729370K [0x00000005ac000000, 0x000000070eb00000, 0x000000070eb00000)
  object space 5811200K, 29% used [0x00000005ac000000,0x00000006158d6830,0x000000070eb00000)
 Metaspace       used 145833K, capacity 150381K, committed 150552K, reserved 1175552K
  class space    used 23203K, capacity 24227K, committed 24344K, reserved 1048576K
Event: 172.262 GC heap after
Heap after GC invocations=41 (full 5):
 PSYoungGen      total 2293248K, used 0K [0x000000070eb00000, 0x00000007c0000000, 0x00000007c0000000)
  eden space 1669632K, 0% used [0x000000070eb00000,0x000000070eb00000,0x0000000774980000)
  from space 623616K, 0% used [0x0000000799f00000,0x0000000799f00000,0x00000007c0000000)
  to   space 611840K, 0% used [0x0000000774980000,0x0000000774980000,0x0000000799f00000)
 ParOldGen       total 5811200K, used 1812377K [0x00000005ac000000, 0x000000070eb00000, 0x000000070eb00000)
  object space 5811200K, 31% used [0x00000005ac000000,0x000000061a9e6578,0x000000070eb00000)
 Metaspace       used 145833K, capacity 150381K, committed 150552K, reserved 1175552K
  class space    used 23203K, capacity 24227K, committed 24344K, reserved 1048576K
}
Event: 172.262 GC heap before
{Heap before GC invocations=42 (full 5):
 PSYoungGen      total 2293248K, used 0K [0x000000070eb00000, 0x00000007c0000000, 0x00000007c0000000)
  eden space 1669632K, 0% used [0x000000070eb00000,0x000000070eb00000,0x0000000774980000)
  from space 623616K, 0% used [0x0000000799f00000,0x0000000799f00000,0x00000007c0000000)
  to   space 611840K, 0% used [0x0000000774980000,0x0000000774980000,0x0000000799f00000)
 ParOldGen       total 5811200K, used 1812377K [0x00000005ac000000, 0x000000070eb00000, 0x000000070eb00000)
  object space 5811200K, 31% used [0x00000005ac000000,0x000000061a9e6578,0x000000070eb00000)
 Metaspace       used 145833K, capacity 150381K, committed 150552K, reserved 1175552K
  class space    used 23203K, capacity 24227K, committed 24344K, reserved 1048576K
Event: 172.269 GC heap after
Heap after GC invocations=42 (full 5):
 PSYoungGen      total 2281472K, used 0K [0x000000070eb00000, 0x00000007c0000000, 0x00000007c0000000)
  eden space 1669632K, 0% used [0x000000070eb00000,0x000000070eb00000,0x0000000774980000)
  from space 611840K, 0% used [0x0000000774980000,0x0000000774980000,0x0000000799f00000)
  to   space 615424K, 0% used [0x000000079a700000,0x000000079a700000,0x00000007c0000000)
 ParOldGen       total 5811200K, used 1812377K [0x00000005ac000000, 0x000000070eb00000, 0x000000070eb00000)
  object space 5811200K, 31% used [0x00000005ac000000,0x000000061a9e6578,0x000000070eb00000)
 Metaspace       used 145833K, capacity 150381K, committed 150552K, reserved 1175552K
  class space    used 23203K, capacity 24227K, committed 24344K, reserved 1048576K
}
Event: 172.269 GC heap before
{Heap before GC invocations=43 (full 6):
 PSYoungGen      total 2281472K, used 0K [0x000000070eb00000, 0x00000007c0000000, 0x00000007c0000000)
  eden space 1669632K, 0% used [0x000000070eb00000,0x000000070eb00000,0x0000000774980000)
  from space 611840K, 0% used [0x0000000774980000,0x0000000774980000,0x0000000799f00000)
  to   space 615424K, 0% used [0x000000079a700000,0x000000079a700000,0x00000007c0000000)
 ParOldGen       total 5811200K, used 1812377K [0x00000005ac000000, 0x000000070eb00000, 0x000000070eb00000)
  object space 5811200K, 31% used [0x00000005ac000000,0x000000061a9e6578,0x000000070eb00000)
 Metaspace       used 145833K, capacity 150381K, committed 150552K, reserved 1175552K
  class space    used 23203K, capacity 24227K, committed 24344K, reserved 1048576K
Event: 173.189 GC heap after
Heap after GC invocations=43 (full 6):
 PSYoungGen      total 2281472K, used 0K [0x000000070eb00000, 0x00000007c0000000, 0x00000007c0000000)
  eden space 1669632K, 0% used [0x000000070eb00000,0x000000070eb00000,0x0000000774980000)
  from space 611840K, 0% used [0x0000000774980000,0x0000000774980000,0x0000000799f00000)
  to   space 615424K, 0% used [0x000000079a700000,0x000000079a700000,0x00000007c0000000)
 ParOldGen       total 5811200K, used 1812377K [0x00000005ac000000, 0x000000070eb00000, 0x000000070eb00000)
  object space 5811200K, 31% used [0x00000005ac000000,0x000000061a9e6578,0x000000070eb00000)
 Metaspace       used 145833K, capacity 150381K, committed 150552K, reserved 1175552K
  class space    used 23203K, capacity 24227K, committed 24344K, reserved 1048576K
}
Event: 177.347 GC heap before
{Heap before GC invocations=44 (full 6):
 PSYoungGen      total 2281472K, used 1669632K [0x000000070eb00000, 0x00000007c0000000, 0x00000007c0000000)
  eden space 1669632K, 100% used [0x000000070eb00000,0x0000000774980000,0x0000000774980000)
  from space 611840K, 0% used [0x0000000774980000,0x0000000774980000,0x0000000799f00000)
  to   space 615424K, 0% used [0x000000079a700000,0x000000079a700000,0x00000007c0000000)
 ParOldGen       total 5811200K, used 1812377K [0x00000005ac000000, 0x000000070eb00000, 0x000000070eb00000)
  object space 5811200K, 31% used [0x00000005ac000000,0x000000061a9e6578,0x000000070eb00000)
 Metaspace       used 147541K, capacity 152531K, committed 152600K, reserved 1177600K
  class space    used 23450K, capacity 24568K, committed 24600K, reserved 1048576K
Event: 177.393 GC heap after
Heap after GC invocations=44 (full 6):
 PSYoungGen      total 2318336K, used 152571K [0x000000070eb00000, 0x00000007c0000000, 0x00000007c0000000)
  eden space 1702912K, 0% used [0x000000070eb00000,0x000000070eb00000,0x0000000776a00000)
  from space 615424K, 24% used [0x000000079a700000,0x00000007a3bfee48,0x00000007c0000000)
  to   space 586752K, 0% used [0x0000000776a00000,0x0000000776a00000,0x000000079a700000)
 ParOldGen       total 5811200K, used 1812385K [0x00000005ac000000, 0x000000070eb00000, 0x000000070eb00000)
  object space 5811200K, 31% used [0x00000005ac000000,0x000000061a9e8578,0x000000070eb00000)
 Metaspace       used 147541K, capacity 152531K, committed 152600K, reserved 1177600K
  class space    used 23450K, capacity 24568K, committed 24600K, reserved 1048576K
}
Event: 184.009 GC heap before
{Heap before GC invocations=45 (full 6):
 PSYoungGen      total 2318336K, used 1855483K [0x000000070eb00000, 0x00000007c0000000, 0x00000007c0000000)
  eden space 1702912K, 100% used [0x000000070eb00000,0x0000000776a00000,0x0000000776a00000)
  from space 615424K, 24% used [0x000000079a700000,0x00000007a3bfee48,0x00000007c0000000)
  to   space 586752K, 0% used [0x0000000776a00000,0x0000000776a00000,0x000000079a700000)
 ParOldGen       total 5811200K, used 1812385K [0x00000005ac000000, 0x000000070eb00000, 0x000000070eb00000)
  object space 5811200K, 31% used [0x00000005ac000000,0x000000061a9e8578,0x000000070eb00000)
 Metaspace       used 150995K, capacity 156099K, committed 156312K, reserved 1181696K
  class space    used 23816K, capacity 24934K, committed 24984K, reserved 1048576K
Event: 184.081 GC heap after
Heap after GC invocations=45 (full 6):
 PSYoungGen      total 2289664K, used 218571K [0x000000070eb00000, 0x00000007c0000000, 0x00000007c0000000)
  eden space 1702912K, 0% used [0x000000070eb00000,0x000000070eb00000,0x0000000776a00000)
  from space 586752K, 37% used [0x0000000776a00000,0x0000000783f72f90,0x000000079a700000)
  to   space 551936K, 0% used [0x000000079e500000,0x000000079e500000,0x00000007c0000000)
 ParOldGen       total 5811200K, used 1812393K [0x00000005ac000000, 0x000000070eb00000, 0x000000070eb00000)
  object space 5811200K, 31% used [0x00000005ac000000,0x000000061a9ea578,0x000000070eb00000)
 Metaspace       used 150995K, capacity 156099K, committed 156312K, reserved 1181696K
  class space    used 23816K, capacity 24934K, committed 24984K, reserved 1048576K
}

