# JRE version: Java(TM) SE Runtime Environment (8.0_45-b15) (build 1.8.0_45-b15)
# Java VM: Java HotSpot(TM) 64-Bit Server VM (25.45-b02 mixed mode windows-amd64 compressed oops)
Heap:
 PSYoungGen      total 2542080K, used 936392K [0x000000070eb00000, 0x00000007c0000000, 0x00000007c0000000)
  eden space 2179072K, 42% used [0x000000070eb00000,0x0000000747d72370,0x0000000793b00000)
  from space 363008K, 0% used [0x00000007a9d80000,0x00000007a9d80000,0x00000007c0000000)
  to   space 363008K, 0% used [0x0000000793b00000,0x0000000793b00000,0x00000007a9d80000)
 ParOldGen       total 5811200K, used 105520K [0x00000005ac000000, 0x000000070eb00000, 0x000000070eb00000)
  object space 5811200K, 1% used [0x00000005ac000000,0x00000005b270c0a8,0x000000070eb00000)
 Metaspace       used 37867K, capacity 38225K, committed 38704K, reserved 1083392K
  class space    used 5255K, capacity 5369K, committed 5424K, reserved 1048576K
GC Heap History (8 events):
Event: 4.078 GC heap before
{Heap before GC invocations=1 (full 0):
 PSYoungGen      total 2542080K, used 871630K [0x000000070eb00000, 0x00000007c0000000, 0x00000007c0000000)
  eden space 2179072K, 40% used [0x000000070eb00000,0x0000000743e33840,0x0000000793b00000)
  from space 363008K, 0% used [0x00000007a9d80000,0x00000007a9d80000,0x00000007c0000000)
  to   space 363008K, 0% used [0x0000000793b00000,0x0000000793b00000,0x00000007a9d80000)
 ParOldGen       total 5811200K, used 0K [0x00000005ac000000, 0x000000070eb00000, 0x000000070eb00000)
  object space 5811200K, 0% used [0x00000005ac000000,0x00000005ac000000,0x000000070eb00000)
 Metaspace       used 20884K, capacity 21178K, committed 21296K, reserved 1067008K
  class space    used 2724K, capacity 2843K, committed 2864K, reserved 1048576K
Event: 4.180 GC heap after
Heap after GC invocations=1 (full 0):
 PSYoungGen      total 2542080K, used 103679K [0x000000070eb00000, 0x00000007c0000000, 0x00000007c0000000)
  eden space 2179072K, 0% used [0x000000070eb00000,0x000000070eb00000,0x0000000793b00000)
  from space 363008K, 28% used [0x0000000793b00000,0x000000079a03ff00,0x00000007a9d80000)
  to   space 363008K, 0% used [0x00000007a9d80000,0x00000007a9d80000,0x00000007c0000000)
 ParOldGen       total 5811200K, used 96K [0x00000005ac000000, 0x000000070eb00000, 0x000000070eb00000)
  object space 5811200K, 0% used [0x00000005ac000000,0x00000005ac018010,0x000000070eb00000)
 Metaspace       used 20884K, capacity 21178K, committed 21296K, reserved 1067008K
  class space    used 2724K, capacity 2843K, committed 2864K, reserved 1048576K
}
Event: 4.180 GC heap before
{Heap before GC invocations=2 (full 1):
 PSYoungGen      total 2542080K, used 103679K [0x000000070eb00000, 0x00000007c0000000, 0x00000007c0000000)
  eden space 2179072K, 0% used [0x000000070eb00000,0x000000070eb00000,0x0000000793b00000)
  from space 363008K, 28% used [0x0000000793b00000,0x000000079a03ff00,0x00000007a9d80000)
  to   space 363008K, 0% used [0x00000007a9d80000,0x00000007a9d80000,0x00000007c0000000)
 ParOldGen       total 5811200K, used 96K [0x00000005ac000000, 0x000000070eb00000, 0x000000070eb00000)
  object space 5811200K, 0% used [0x00000005ac000000,0x00000005ac018010,0x000000070eb00000)
 Metaspace       used 20884K, capacity 21178K, committed 21296K, reserved 1067008K
  class space    used 2724K, capacity 2843K, committed 2864K, reserved 1048576K
Event: 4.297 GC heap after
Heap after GC invocations=2 (full 1):
 PSYoungGen      total 2542080K, used 0K [0x000000070eb00000, 0x00000007c0000000, 0x00000007c0000000)
  eden space 2179072K, 0% used [0x000000070eb00000,0x000000070eb00000,0x0000000793b00000)
  from space 363008K, 0% used [0x0000000793b00000,0x0000000793b00000,0x00000007a9d80000)
  to   space 363008K, 0% used [0x00000007a9d80000,0x00000007a9d80000,0x00000007c0000000)
 ParOldGen       total 5811200K, used 100909K [0x00000005ac000000, 0x000000070eb00000, 0x000000070eb00000)
  object space 5811200K, 1% used [0x00000005ac000000,0x00000005b228b708,0x000000070eb00000)
 Metaspace       used 20884K, capacity 21178K, committed 21296K, reserved 1067008K
  class space    used 2724K, capacity 2843K, committed 2864K, reserved 1048576K
}
Event: 9.219 GC heap before
{Heap before GC invocations=3 (full 1):
 PSYoungGen      total 2542080K, used 1496938K [0x000000070eb00000, 0x00000007c0000000, 0x00000007c0000000)
  eden space 2179072K, 68% used [0x000000070eb00000,0x000000076a0dabf8,0x0000000793b00000)
  from space 363008K, 0% used [0x0000000793b00000,0x0000000793b00000,0x00000007a9d80000)
  to   space 363008K, 0% used [0x00000007a9d80000,0x00000007a9d80000,0x00000007c0000000)
 ParOldGen       total 5811200K, used 100909K [0x00000005ac000000, 0x000000070eb00000, 0x000000070eb00000)
  object space 5811200K, 1% used [0x00000005ac000000,0x00000005b228b708,0x000000070eb00000)
 Metaspace       used 34687K, capacity 35090K, committed 35496K, reserved 1079296K
  class space    used 4959K, capacity 5107K, committed 5168K, reserved 1048576K
Event: 9.261 GC heap after
Heap after GC invocations=3 (full 1):
 PSYoungGen      total 2542080K, used 62105K [0x000000070eb00000, 0x00000007c0000000, 0x00000007c0000000)
  eden space 2179072K, 0% used [0x000000070eb00000,0x000000070eb00000,0x0000000793b00000)
  from space 363008K, 17% used [0x00000007a9d80000,0x00000007ada26630,0x00000007c0000000)
  to   space 363008K, 0% used [0x0000000793b00000,0x0000000793b00000,0x00000007a9d80000)
 ParOldGen       total 5811200K, used 100917K [0x00000005ac000000, 0x000000070eb00000, 0x000000070eb00000)
  object space 5811200K, 1% used [0x00000005ac000000,0x00000005b228d708,0x000000070eb00000)
 Metaspace       used 34687K, capacity 35090K, committed 35496K, reserved 1079296K
  class space    used 4959K, capacity 5107K, committed 5168K, reserved 1048576K
}
Event: 9.261 GC heap before
{Heap before GC invocations=4 (full 2):
 PSYoungGen      total 2542080K, used 62105K [0x000000070eb00000, 0x00000007c0000000, 0x00000007c0000000)
  eden space 2179072K, 0% used [0x000000070eb00000,0x000000070eb00000,0x0000000793b00000)
  from space 363008K, 17% used [0x00000007a9d80000,0x00000007ada26630,0x00000007c0000000)
  to   space 363008K, 0% used [0x0000000793b00000,0x0000000793b00000,0x00000007a9d80000)
 ParOldGen       total 5811200K, used 100917K [0x00000005ac000000, 0x000000070eb00000, 0x000000070eb00000)
  object space 5811200K, 1% used [0x00000005ac000000,0x00000005b228d708,0x000000070eb00000)
 Metaspace       used 34687K, capacity 35090K, committed 35496K, reserved 1079296K
  class space    used 4959K, capacity 5107K, committed 5168K, reserved 1048576K
Event: 9.404 GC heap after
Heap after GC invocations=4 (full 2):
 PSYoungGen      total 2542080K, used 0K [0x000000070eb00000, 0x00000007c0000000, 0x00000007c0000000)
  eden space 2179072K, 0% used [0x000000070eb00000,0x000000070eb00000,0x0000000793b00000)
  from space 363008K, 0% used [0x00000007a9d80000,0x00000007a9d80000,0x00000007c0000000)
  to   space 363008K, 0% used [0x0000000793b00000,0x0000000793b00000,0x00000007a9d80000)
 ParOldGen       total 5811200K, used 105520K [0x00000005ac000000, 0x000000070eb00000, 0x000000070eb00000)
  object space 5811200K, 1% used [0x00000005ac000000,0x00000005b270c0a8,0x000000070eb00000)
 Metaspace       used 34687K, capacity 35090K, committed 35496K, reserved 1079296K
  class space    used 4959K, capacity 5107K, committed 5168K, reserved 1048576K
}

