# JRE version: Java(TM) SE Runtime Environment (8.0_45-b15) (build 1.8.0_45-b15)
# Java VM: Java HotSpot(TM) 64-Bit Server VM (25.45-b02 mixed mode windows-amd64 compressed oops)
Heap:
 PSYoungGen      total 2432000K, used 473130K [0x000000070eb00000, 0x00000007c0000000, 0x00000007c0000000)
  eden space 1947136K, 16% used [0x000000070eb00000,0x0000000722433008,0x0000000785880000)
  from space 484864K, 31% used [0x00000007a2680000,0x00000007abb57a70,0x00000007c0000000)
  to   space 473088K, 0% used [0x0000000785880000,0x0000000785880000,0x00000007a2680000)
 ParOldGen       total 5811200K, used 1957186K [0x00000005ac000000, 0x000000070eb00000, 0x000000070eb00000)
  object space 5811200K, 33% used [0x00000005ac000000,0x0000000623750a80,0x000000070eb00000)
 Metaspace       used 158551K, capacity 163897K, committed 164264K, reserved 1187840K
  class space    used 24487K, capacity 25661K, committed 25776K, reserved 1048576K
GC Heap History (10 events):
Event: 515.749 GC heap before
{Heap before GC invocations=53 (full 6):
 PSYoungGen      total 2344960K, used 1833984K [0x000000070eb00000, 0x00000007c0000000, 0x00000007c0000000)
  eden space 1833984K, 100% used [0x000000070eb00000,0x000000077ea00000,0x000000077ea00000)
  from space 510976K, 0% used [0x00000007a0d00000,0x00000007a0d00000,0x00000007c0000000)
  to   space 535552K, 0% used [0x000000077ea00000,0x000000077ea00000,0x000000079f500000)
 ParOldGen       total 5811200K, used 1818046K [0x00000005ac000000, 0x000000070eb00000, 0x000000070eb00000)
  object space 5811200K, 31% used [0x00000005ac000000,0x000000061af6f970,0x000000070eb00000)
 Metaspace       used 149701K, capacity 154737K, committed 154920K, reserved 1179648K
  class space    used 23682K, capacity 24785K, committed 24880K, reserved 1048576K
Event: 515.814 GC heap after
Heap after GC invocations=53 (full 6):
 PSYoungGen      total 2369536K, used 160323K [0x000000070eb00000, 0x00000007c0000000, 0x00000007c0000000)
  eden space 1833984K, 0% used [0x000000070eb00000,0x000000070eb00000,0x000000077ea00000)
  from space 535552K, 29% used [0x000000077ea00000,0x0000000788690f98,0x000000079f500000)
  to   space 522240K, 0% used [0x00000007a0200000,0x00000007a0200000,0x00000007c0000000)
 ParOldGen       total 5811200K, used 1818054K [0x00000005ac000000, 0x000000070eb00000, 0x000000070eb00000)
  object space 5811200K, 31% used [0x00000005ac000000,0x000000061af71970,0x000000070eb00000)
 Metaspace       used 149701K, capacity 154737K, committed 154920K, reserved 1179648K
  class space    used 23682K, capacity 24785K, committed 24880K, reserved 1048576K
}
Event: 520.524 GC heap before
{Heap before GC invocations=54 (full 6):
 PSYoungGen      total 2369536K, used 1353512K [0x000000070eb00000, 0x00000007c0000000, 0x00000007c0000000)
  eden space 1833984K, 65% used [0x000000070eb00000,0x0000000757839240,0x000000077ea00000)
  from space 535552K, 29% used [0x000000077ea00000,0x0000000788690f98,0x000000079f500000)
  to   space 522240K, 0% used [0x00000007a0200000,0x00000007a0200000,0x00000007c0000000)
 ParOldGen       total 5811200K, used 1818054K [0x00000005ac000000, 0x000000070eb00000, 0x000000070eb00000)
  object space 5811200K, 31% used [0x00000005ac000000,0x000000061af71970,0x000000070eb00000)
 Metaspace       used 155328K, capacity 160665K, committed 160936K, reserved 1185792K
  class space    used 24323K, capacity 25493K, committed 25520K, reserved 1048576K
Event: 520.593 GC heap after
Heap after GC invocations=54 (full 6):
 PSYoungGen      total 2409984K, used 237617K [0x000000070eb00000, 0x00000007c0000000, 0x00000007c0000000)
  eden space 1887744K, 0% used [0x000000070eb00000,0x000000070eb00000,0x0000000781e80000)
  from space 522240K, 45% used [0x00000007a0200000,0x00000007aea0c5f0,0x00000007c0000000)
  to   space 495104K, 0% used [0x0000000781e80000,0x0000000781e80000,0x00000007a0200000)
 ParOldGen       total 5811200K, used 1818062K [0x00000005ac000000, 0x000000070eb00000, 0x000000070eb00000)
  object space 5811200K, 31% used [0x00000005ac000000,0x000000061af73970,0x000000070eb00000)
 Metaspace       used 155328K, capacity 160665K, committed 160936K, reserved 1185792K
  class space    used 24323K, capacity 25493K, committed 25520K, reserved 1048576K
}
Event: 520.593 GC heap before
{Heap before GC invocations=55 (full 7):
 PSYoungGen      total 2409984K, used 237617K [0x000000070eb00000, 0x00000007c0000000, 0x00000007c0000000)
  eden space 1887744K, 0% used [0x000000070eb00000,0x000000070eb00000,0x0000000781e80000)
  from space 522240K, 45% used [0x00000007a0200000,0x00000007aea0c5f0,0x00000007c0000000)
  to   space 495104K, 0% used [0x0000000781e80000,0x0000000781e80000,0x00000007a0200000)
 ParOldGen       total 5811200K, used 1818062K [0x00000005ac000000, 0x000000070eb00000, 0x000000070eb00000)
  object space 5811200K, 31% used [0x00000005ac000000,0x000000061af73970,0x000000070eb00000)
 Metaspace       used 155328K, capacity 160665K, committed 160936K, reserved 1185792K
  class space    used 24323K, capacity 25493K, committed 25520K, reserved 1048576K
Event: 524.339 GC heap after
Heap after GC invocations=55 (full 7):
 PSYoungGen      total 2409984K, used 0K [0x000000070eb00000, 0x00000007c0000000, 0x00000007c0000000)
  eden space 1887744K, 0% used [0x000000070eb00000,0x000000070eb00000,0x0000000781e80000)
  from space 522240K, 0% used [0x00000007a0200000,0x00000007a0200000,0x00000007c0000000)
  to   space 495104K, 0% used [0x0000000781e80000,0x0000000781e80000,0x00000007a0200000)
 ParOldGen       total 5811200K, used 1957170K [0x00000005ac000000, 0x000000070eb00000, 0x000000070eb00000)
  object space 5811200K, 33% used [0x00000005ac000000,0x000000062374ca80,0x000000070eb00000)
 Metaspace       used 155328K, capacity 160665K, committed 160936K, reserved 1185792K
  class space    used 24323K, capacity 25493K, committed 25520K, reserved 1048576K
}
Event: 530.537 GC heap before
{Heap before GC invocations=56 (full 7):
 PSYoungGen      total 2409984K, used 1887744K [0x000000070eb00000, 0x00000007c0000000, 0x00000007c0000000)
  eden space 1887744K, 100% used [0x000000070eb00000,0x0000000781e80000,0x0000000781e80000)
  from space 522240K, 0% used [0x00000007a0200000,0x00000007a0200000,0x00000007c0000000)
  to   space 495104K, 0% used [0x0000000781e80000,0x0000000781e80000,0x00000007a0200000)
 ParOldGen       total 5811200K, used 1957170K [0x00000005ac000000, 0x000000070eb00000, 0x000000070eb00000)
  object space 5811200K, 33% used [0x00000005ac000000,0x000000062374ca80,0x000000070eb00000)
 Metaspace       used 157205K, capacity 162599K, committed 162728K, reserved 1185792K
  class space    used 24475K, capacity 25660K, committed 25776K, reserved 1048576K
Event: 530.581 GC heap after
Heap after GC invocations=56 (full 7):
 PSYoungGen      total 2382848K, used 153808K [0x000000070eb00000, 0x00000007c0000000, 0x00000007c0000000)
  eden space 1887744K, 0% used [0x000000070eb00000,0x000000070eb00000,0x0000000781e80000)
  from space 495104K, 31% used [0x0000000781e80000,0x000000078b4b43d8,0x00000007a0200000)
  to   space 484864K, 0% used [0x00000007a2680000,0x00000007a2680000,0x00000007c0000000)
 ParOldGen       total 5811200K, used 1957178K [0x00000005ac000000, 0x000000070eb00000, 0x000000070eb00000)
  object space 5811200K, 33% used [0x00000005ac000000,0x000000062374ea80,0x000000070eb00000)
 Metaspace       used 157205K, capacity 162599K, committed 162728K, reserved 1185792K
  class space    used 24475K, capacity 25660K, committed 25776K, reserved 1048576K
}
Event: 539.896 GC heap before
{Heap before GC invocations=57 (full 7):
 PSYoungGen      total 2382848K, used 2041552K [0x000000070eb00000, 0x00000007c0000000, 0x00000007c0000000)
  eden space 1887744K, 100% used [0x000000070eb00000,0x0000000781e80000,0x0000000781e80000)
  from space 495104K, 31% used [0x0000000781e80000,0x000000078b4b43d8,0x00000007a0200000)
  to   space 484864K, 0% used [0x00000007a2680000,0x00000007a2680000,0x00000007c0000000)
 ParOldGen       total 5811200K, used 1957178K [0x00000005ac000000, 0x000000070eb00000, 0x000000070eb00000)
  object space 5811200K, 33% used [0x00000005ac000000,0x000000062374ea80,0x000000070eb00000)
 Metaspace       used 158534K, capacity 163897K, committed 164264K, reserved 1187840K
  class space    used 24487K, capacity 25661K, committed 25776K, reserved 1048576K
Event: 539.932 GC heap after
Heap after GC invocations=57 (full 7):
 PSYoungGen      total 2432000K, used 152414K [0x000000070eb00000, 0x00000007c0000000, 0x00000007c0000000)
  eden space 1947136K, 0% used [0x000000070eb00000,0x000000070eb00000,0x0000000785880000)
  from space 484864K, 31% used [0x00000007a2680000,0x00000007abb57a70,0x00000007c0000000)
  to   space 473088K, 0% used [0x0000000785880000,0x0000000785880000,0x00000007a2680000)
 ParOldGen       total 5811200K, used 1957186K [0x00000005ac000000, 0x000000070eb00000, 0x000000070eb00000)
  object space 5811200K, 33% used [0x00000005ac000000,0x0000000623750a80,0x000000070eb00000)
 Metaspace       used 158534K, capacity 163897K, committed 164264K, reserved 1187840K
  class space    used 24487K, capacity 25661K, committed 25776K, reserved 1048576K
}

