# JRE version: Java(TM) SE Runtime Environment (8.0_45-b15) (build 1.8.0_45-b15)
# Java VM: Java HotSpot(TM) 64-Bit Server VM (25.45-b02 mixed mode windows-amd64 compressed oops)
Heap:
 PSYoungGen      total 2506752K, used 785177K [0x000000070eb00000, 0x00000007c0000000, 0x00000007c0000000)
  eden space 2124800K, 27% used [0x000000070eb00000,0x0000000732574a48,0x0000000790600000)
  from space 381952K, 52% used [0x0000000790600000,0x000000079ca51c68,0x00000007a7b00000)
  to   space 372224K, 0% used [0x00000007a9480000,0x00000007a9480000,0x00000007c0000000)
 ParOldGen       total 5811200K, used 1957762K [0x00000005ac000000, 0x000000070eb00000, 0x000000070eb00000)
  object space 5811200K, 33% used [0x00000005ac000000,0x00000006237e08c8,0x000000070eb00000)
 Metaspace       used 162030K, capacity 167495K, committed 167832K, reserved 1191936K
  class space    used 24738K, capacity 25926K, committed 26008K, reserved 1048576K
GC Heap History (10 events):
Event: 4044.084 GC heap before
{Heap before GC invocations=60 (full 7):
 PSYoungGen      total 2429952K, used 1948160K [0x000000070eb00000, 0x00000007c0000000, 0x00000007c0000000)
  eden space 1948160K, 100% used [0x000000070eb00000,0x0000000785980000,0x0000000785980000)
  from space 481792K, 0% used [0x00000007a2980000,0x00000007a2980000,0x00000007c0000000)
  to   space 475136K, 0% used [0x0000000785980000,0x0000000785980000,0x00000007a2980000)
 ParOldGen       total 5811200K, used 1957720K [0x00000005ac000000, 0x000000070eb00000, 0x000000070eb00000)
  object space 5811200K, 33% used [0x00000005ac000000,0x00000006237d6280,0x000000070eb00000)
 Metaspace       used 157466K, capacity 162801K, committed 162968K, reserved 1185792K
  class space    used 24474K, capacity 25661K, committed 25752K, reserved 1048576K
Event: 4044.150 GC heap after
Heap after GC invocations=60 (full 7):
 PSYoungGen      total 2423296K, used 158362K [0x000000070eb00000, 0x00000007c0000000, 0x00000007c0000000)
  eden space 1948160K, 0% used [0x000000070eb00000,0x000000070eb00000,0x0000000785980000)
  from space 475136K, 33% used [0x0000000785980000,0x000000078f426b18,0x00000007a2980000)
  to   space 447488K, 0% used [0x00000007a4b00000,0x00000007a4b00000,0x00000007c0000000)
 ParOldGen       total 5811200K, used 1957728K [0x00000005ac000000, 0x000000070eb00000, 0x000000070eb00000)
  object space 5811200K, 33% used [0x00000005ac000000,0x00000006237d8280,0x000000070eb00000)
 Metaspace       used 157466K, capacity 162801K, committed 162968K, reserved 1185792K
  class space    used 24474K, capacity 25661K, committed 25752K, reserved 1048576K
}
Event: 4048.357 GC heap before
{Heap before GC invocations=61 (full 7):
 PSYoungGen      total 2423296K, used 2106522K [0x000000070eb00000, 0x00000007c0000000, 0x00000007c0000000)
  eden space 1948160K, 100% used [0x000000070eb00000,0x0000000785980000,0x0000000785980000)
  from space 475136K, 33% used [0x0000000785980000,0x000000078f426b18,0x00000007a2980000)
  to   space 447488K, 0% used [0x00000007a4b00000,0x00000007a4b00000,0x00000007c0000000)
 ParOldGen       total 5811200K, used 1957730K [0x00000005ac000000, 0x000000070eb00000, 0x000000070eb00000)
  object space 5811200K, 33% used [0x00000005ac000000,0x00000006237d88c8,0x000000070eb00000)
 Metaspace       used 158574K, capacity 164005K, committed 164248K, reserved 1187840K
  class space    used 24501K, capacity 25697K, committed 25752K, reserved 1048576K
Event: 4048.397 GC heap after
Heap after GC invocations=61 (full 7):
 PSYoungGen      total 2482176K, used 152704K [0x000000070eb00000, 0x00000007c0000000, 0x00000007c0000000)
  eden space 2034688K, 0% used [0x000000070eb00000,0x000000070eb00000,0x000000078ae00000)
  from space 447488K, 34% used [0x00000007a4b00000,0x00000007ae020280,0x00000007c0000000)
  to   space 422912K, 0% used [0x000000078ae00000,0x000000078ae00000,0x00000007a4b00000)
 ParOldGen       total 5811200K, used 1957738K [0x00000005ac000000, 0x000000070eb00000, 0x000000070eb00000)
  object space 5811200K, 33% used [0x00000005ac000000,0x00000006237da8c8,0x000000070eb00000)
 Metaspace       used 158574K, capacity 164005K, committed 164248K, reserved 1187840K
  class space    used 24501K, capacity 25697K, committed 25752K, reserved 1048576K
}
Event: 4055.409 GC heap before
{Heap before GC invocations=62 (full 7):
 PSYoungGen      total 2482176K, used 2187392K [0x000000070eb00000, 0x00000007c0000000, 0x00000007c0000000)
  eden space 2034688K, 100% used [0x000000070eb00000,0x000000078ae00000,0x000000078ae00000)
  from space 447488K, 34% used [0x00000007a4b00000,0x00000007ae020280,0x00000007c0000000)
  to   space 422912K, 0% used [0x000000078ae00000,0x000000078ae00000,0x00000007a4b00000)
 ParOldGen       total 5811200K, used 1957738K [0x00000005ac000000, 0x000000070eb00000, 0x000000070eb00000)
  object space 5811200K, 33% used [0x00000005ac000000,0x00000006237da8c8,0x000000070eb00000)
 Metaspace       used 160438K, capacity 165831K, committed 165912K, reserved 1189888K
  class space    used 24666K, capacity 25844K, committed 25880K, reserved 1048576K
Event: 4055.496 GC heap after
Heap after GC invocations=62 (full 7):
 PSYoungGen      total 2457600K, used 165176K [0x000000070eb00000, 0x00000007c0000000, 0x00000007c0000000)
  eden space 2034688K, 0% used [0x000000070eb00000,0x000000070eb00000,0x000000078ae00000)
  from space 422912K, 39% used [0x000000078ae00000,0x0000000794f4e078,0x00000007a4b00000)
  to   space 398336K, 0% used [0x00000007a7b00000,0x00000007a7b00000,0x00000007c0000000)
 ParOldGen       total 5811200K, used 1957746K [0x00000005ac000000, 0x000000070eb00000, 0x000000070eb00000)
  object space 5811200K, 33% used [0x00000005ac000000,0x00000006237dc8c8,0x000000070eb00000)
 Metaspace       used 160438K, capacity 165831K, committed 165912K, reserved 1189888K
  class space    used 24666K, capacity 25844K, committed 25880K, reserved 1048576K
}
Event: 4070.235 GC heap before
{Heap before GC invocations=63 (full 7):
 PSYoungGen      total 2457600K, used 2199864K [0x000000070eb00000, 0x00000007c0000000, 0x00000007c0000000)
  eden space 2034688K, 100% used [0x000000070eb00000,0x000000078ae00000,0x000000078ae00000)
  from space 422912K, 39% used [0x000000078ae00000,0x0000000794f4e078,0x00000007a4b00000)
  to   space 398336K, 0% used [0x00000007a7b00000,0x00000007a7b00000,0x00000007c0000000)
 ParOldGen       total 5811200K, used 1957746K [0x00000005ac000000, 0x000000070eb00000, 0x000000070eb00000)
  object space 5811200K, 33% used [0x00000005ac000000,0x00000006237dc8c8,0x000000070eb00000)
 Metaspace       used 161612K, capacity 167073K, committed 167320K, reserved 1189888K
  class space    used 24708K, capacity 25893K, committed 26008K, reserved 1048576K
Event: 4070.298 GC heap after
Heap after GC invocations=63 (full 7):
 PSYoungGen      total 2523136K, used 187221K [0x000000070eb00000, 0x00000007c0000000, 0x00000007c0000000)
  eden space 2124800K, 0% used [0x000000070eb00000,0x000000070eb00000,0x0000000790600000)
  from space 398336K, 47% used [0x00000007a7b00000,0x00000007b31d5418,0x00000007c0000000)
  to   space 381952K, 0% used [0x0000000790600000,0x0000000790600000,0x00000007a7b00000)
 ParOldGen       total 5811200K, used 1957754K [0x00000005ac000000, 0x000000070eb00000, 0x000000070eb00000)
  object space 5811200K, 33% used [0x00000005ac000000,0x00000006237de8c8,0x000000070eb00000)
 Metaspace       used 161612K, capacity 167073K, committed 167320K, reserved 1189888K
  class space    used 24708K, capacity 25893K, committed 26008K, reserved 1048576K
}
Event: 4076.185 GC heap before
{Heap before GC invocations=64 (full 7):
 PSYoungGen      total 2523136K, used 2312021K [0x000000070eb00000, 0x00000007c0000000, 0x00000007c0000000)
  eden space 2124800K, 100% used [0x000000070eb00000,0x0000000790600000,0x0000000790600000)
  from space 398336K, 47% used [0x00000007a7b00000,0x00000007b31d5418,0x00000007c0000000)
  to   space 381952K, 0% used [0x0000000790600000,0x0000000790600000,0x00000007a7b00000)
 ParOldGen       total 5811200K, used 1957754K [0x00000005ac000000, 0x000000070eb00000, 0x000000070eb00000)
  object space 5811200K, 33% used [0x00000005ac000000,0x00000006237de8c8,0x000000070eb00000)
 Metaspace       used 161987K, capacity 167431K, committed 167576K, reserved 1191936K
  class space    used 24737K, capacity 25926K, committed 26008K, reserved 1048576K
Event: 4076.292 GC heap after
Heap after GC invocations=64 (full 7):
 PSYoungGen      total 2506752K, used 201031K [0x000000070eb00000, 0x00000007c0000000, 0x00000007c0000000)
  eden space 2124800K, 0% used [0x000000070eb00000,0x000000070eb00000,0x0000000790600000)
  from space 381952K, 52% used [0x0000000790600000,0x000000079ca51c68,0x00000007a7b00000)
  to   space 372224K, 0% used [0x00000007a9480000,0x00000007a9480000,0x00000007c0000000)
 ParOldGen       total 5811200K, used 1957762K [0x00000005ac000000, 0x000000070eb00000, 0x000000070eb00000)
  object space 5811200K, 33% used [0x00000005ac000000,0x00000006237e08c8,0x000000070eb00000)
 Metaspace       used 161987K, capacity 167431K, committed 167576K, reserved 1191936K
  class space    used 24737K, capacity 25926K, committed 26008K, reserved 1048576K
}

