# JRE version: Java(TM) SE Runtime Environment (8.0_45-b15) (build 1.8.0_45-b15)
# Java VM: Java HotSpot(TM) 64-Bit Server VM (25.45-b02 mixed mode windows-amd64 compressed oops)
Heap:
 PSYoungGen      total 2668032K, used 1163535K [0x000000070eb00000, 0x00000007c0000000, 0x00000007c0000000)
  eden space 2431488K, 38% used [0x000000070eb00000,0x0000000747447e88,0x00000007a3180000)
  from space 236544K, 99% used [0x00000007a3180000,0x00000007b187be50,0x00000007b1880000)
  to   space 237056K, 0% used [0x00000007b1880000,0x00000007b1880000,0x00000007c0000000)
 ParOldGen       total 5811200K, used 270916K [0x00000005ac000000, 0x000000070eb00000, 0x000000070eb00000)
  object space 5811200K, 4% used [0x00000005ac000000,0x00000005bc8910d0,0x000000070eb00000)
 Metaspace       used 91392K, capacity 93117K, committed 93440K, reserved 1128448K
  class space    used 14805K, capacity 15327K, committed 15360K, reserved 1048576K
GC Heap History (10 events):
Event: 22.233 GC heap before
{Heap before GC invocations=8 (full 3):
 PSYoungGen      total 2542080K, used 168458K [0x000000070eb00000, 0x00000007c0000000, 0x00000007c0000000)
  eden space 2179072K, 0% used [0x000000070eb00000,0x000000070eb00000,0x0000000793b00000)
  from space 363008K, 46% used [0x0000000793b00000,0x000000079df82ab8,0x00000007a9d80000)
  to   space 244224K, 0% used [0x00000007b1180000,0x00000007b1180000,0x00000007c0000000)
 ParOldGen       total 5811200K, used 102285K [0x00000005ac000000, 0x000000070eb00000, 0x000000070eb00000)
  object space 5811200K, 1% used [0x00000005ac000000,0x00000005b23e3490,0x000000070eb00000)
 Metaspace       used 57943K, capacity 58587K, committed 59136K, reserved 1099776K
  class space    used 8737K, capacity 8922K, committed 8960K, reserved 1048576K
Event: 22.806 GC heap after
Heap after GC invocations=8 (full 3):
 PSYoungGen      total 2542080K, used 0K [0x000000070eb00000, 0x00000007c0000000, 0x00000007c0000000)
  eden space 2179072K, 0% used [0x000000070eb00000,0x000000070eb00000,0x0000000793b00000)
  from space 363008K, 0% used [0x0000000793b00000,0x0000000793b00000,0x00000007a9d80000)
  to   space 244224K, 0% used [0x00000007b1180000,0x00000007b1180000,0x00000007c0000000)
 ParOldGen       total 5811200K, used 256834K [0x00000005ac000000, 0x000000070eb00000, 0x000000070eb00000)
  object space 5811200K, 4% used [0x00000005ac000000,0x00000005bbad0bc8,0x000000070eb00000)
 Metaspace       used 57943K, capacity 58587K, committed 59136K, reserved 1099776K
  class space    used 8737K, capacity 8922K, committed 8960K, reserved 1048576K
}
Event: 25.880 GC heap before
{Heap before GC invocations=9 (full 3):
 PSYoungGen      total 2542080K, used 2168114K [0x000000070eb00000, 0x00000007c0000000, 0x00000007c0000000)
  eden space 2179072K, 99% used [0x000000070eb00000,0x000000079304ca30,0x0000000793b00000)
  from space 363008K, 0% used [0x0000000793b00000,0x0000000793b00000,0x00000007a9d80000)
  to   space 244224K, 0% used [0x00000007b1180000,0x00000007b1180000,0x00000007c0000000)
 ParOldGen       total 5811200K, used 256834K [0x00000005ac000000, 0x000000070eb00000, 0x000000070eb00000)
  object space 5811200K, 4% used [0x00000005ac000000,0x00000005bbad0bc8,0x000000070eb00000)
 Metaspace       used 62338K, capacity 63173K, committed 63744K, reserved 1103872K
  class space    used 9441K, capacity 9723K, committed 9728K, reserved 1048576K
Event: 25.895 GC heap after
Heap after GC invocations=9 (full 3):
 PSYoungGen      total 2647552K, used 38207K [0x000000070eb00000, 0x00000007c0000000, 0x00000007c0000000)
  eden space 2403328K, 0% used [0x000000070eb00000,0x000000070eb00000,0x00000007a1600000)
  from space 244224K, 15% used [0x00000007b1180000,0x00000007b36cffc0,0x00000007c0000000)
  to   space 250880K, 0% used [0x00000007a1600000,0x00000007a1600000,0x00000007b0b00000)
 ParOldGen       total 5811200K, used 256842K [0x00000005ac000000, 0x000000070eb00000, 0x000000070eb00000)
  object space 5811200K, 4% used [0x00000005ac000000,0x00000005bbad2bc8,0x000000070eb00000)
 Metaspace       used 62338K, capacity 63173K, committed 63744K, reserved 1103872K
  class space    used 9441K, capacity 9723K, committed 9728K, reserved 1048576K
}
Event: 31.651 GC heap before
{Heap before GC invocations=10 (full 3):
 PSYoungGen      total 2647552K, used 2441535K [0x000000070eb00000, 0x00000007c0000000, 0x00000007c0000000)
  eden space 2403328K, 100% used [0x000000070eb00000,0x00000007a1600000,0x00000007a1600000)
  from space 244224K, 15% used [0x00000007b1180000,0x00000007b36cffc0,0x00000007c0000000)
  to   space 250880K, 0% used [0x00000007a1600000,0x00000007a1600000,0x00000007b0b00000)
 ParOldGen       total 5811200K, used 256842K [0x00000005ac000000, 0x000000070eb00000, 0x000000070eb00000)
  object space 5811200K, 4% used [0x00000005ac000000,0x00000005bbad2bc8,0x000000070eb00000)
 Metaspace       used 73472K, capacity 74537K, committed 75136K, reserved 1112064K
  class space    used 11465K, capacity 11821K, committed 11904K, reserved 1048576K
Event: 31.729 GC heap after
Heap after GC invocations=10 (full 3):
 PSYoungGen      total 2654208K, used 129015K [0x000000070eb00000, 0x00000007c0000000, 0x00000007c0000000)
  eden space 2403328K, 0% used [0x000000070eb00000,0x000000070eb00000,0x00000007a1600000)
  from space 250880K, 51% used [0x00000007a1600000,0x00000007a93fdef0,0x00000007b0b00000)
  to   space 237056K, 0% used [0x00000007b1880000,0x00000007b1880000,0x00000007c0000000)
 ParOldGen       total 5811200K, used 256850K [0x00000005ac000000, 0x000000070eb00000, 0x000000070eb00000)
  object space 5811200K, 4% used [0x00000005ac000000,0x00000005bbad4bc8,0x000000070eb00000)
 Metaspace       used 73472K, capacity 74537K, committed 75136K, reserved 1112064K
  class space    used 11465K, capacity 11821K, committed 11904K, reserved 1048576K
}
Event: 35.579 GC heap before
{Heap before GC invocations=11 (full 3):
 PSYoungGen      total 2654208K, used 2532343K [0x000000070eb00000, 0x00000007c0000000, 0x00000007c0000000)
  eden space 2403328K, 100% used [0x000000070eb00000,0x00000007a1600000,0x00000007a1600000)
  from space 250880K, 51% used [0x00000007a1600000,0x00000007a93fdef0,0x00000007b0b00000)
  to   space 237056K, 0% used [0x00000007b1880000,0x00000007b1880000,0x00000007c0000000)
 ParOldGen       total 5811200K, used 256850K [0x00000005ac000000, 0x000000070eb00000, 0x000000070eb00000)
  object space 5811200K, 4% used [0x00000005ac000000,0x00000005bbad4bc8,0x000000070eb00000)
 Metaspace       used 77506K, capacity 78739K, committed 79104K, reserved 1116160K
  class space    used 12254K, capacity 12678K, committed 12800K, reserved 1048576K
Event: 35.639 GC heap after
Heap after GC invocations=11 (full 3):
 PSYoungGen      total 2668544K, used 153543K [0x000000070eb00000, 0x00000007c0000000, 0x00000007c0000000)
  eden space 2431488K, 0% used [0x000000070eb00000,0x000000070eb00000,0x00000007a3180000)
  from space 237056K, 64% used [0x00000007b1880000,0x00000007bae71e58,0x00000007c0000000)
  to   space 236544K, 0% used [0x00000007a3180000,0x00000007a3180000,0x00000007b1880000)
 ParOldGen       total 5811200K, used 256858K [0x00000005ac000000, 0x000000070eb00000, 0x000000070eb00000)
  object space 5811200K, 4% used [0x00000005ac000000,0x00000005bbad6bc8,0x000000070eb00000)
 Metaspace       used 77506K, capacity 78739K, committed 79104K, reserved 1116160K
  class space    used 12254K, capacity 12678K, committed 12800K, reserved 1048576K
}
Event: 40.565 GC heap before
{Heap before GC invocations=12 (full 3):
 PSYoungGen      total 2668544K, used 2585031K [0x000000070eb00000, 0x00000007c0000000, 0x00000007c0000000)
  eden space 2431488K, 100% used [0x000000070eb00000,0x00000007a3180000,0x00000007a3180000)
  from space 237056K, 64% used [0x00000007b1880000,0x00000007bae71e58,0x00000007c0000000)
  to   space 236544K, 0% used [0x00000007a3180000,0x00000007a3180000,0x00000007b1880000)
 ParOldGen       total 5811200K, used 256858K [0x00000005ac000000, 0x000000070eb00000, 0x000000070eb00000)
  object space 5811200K, 4% used [0x00000005ac000000,0x00000005bbad6bc8,0x000000070eb00000)
 Metaspace       used 88197K, capacity 89713K, committed 90240K, reserved 1124352K
  class space    used 14392K, capacity 14891K, committed 14976K, reserved 1048576K
Event: 40.663 GC heap after
Heap after GC invocations=12 (full 3):
 PSYoungGen      total 2668032K, used 236527K [0x000000070eb00000, 0x00000007c0000000, 0x00000007c0000000)
  eden space 2431488K, 0% used [0x000000070eb00000,0x000000070eb00000,0x00000007a3180000)
  from space 236544K, 99% used [0x00000007a3180000,0x00000007b187be50,0x00000007b1880000)
  to   space 237056K, 0% used [0x00000007b1880000,0x00000007b1880000,0x00000007c0000000)
 ParOldGen       total 5811200K, used 270916K [0x00000005ac000000, 0x000000070eb00000, 0x000000070eb00000)
  object space 5811200K, 4% used [0x00000005ac000000,0x00000005bc8910d0,0x000000070eb00000)
 Metaspace       used 88197K, capacity 89713K, committed 90240K, reserved 1124352K
  class space    used 14392K, capacity 14891K, committed 14976K, reserved 1048576K
}

