# JRE version: Java(TM) SE Runtime Environment (8.0_45-b15) (build 1.8.0_45-b15)
# Java VM: Java HotSpot(TM) 64-Bit Server VM (25.45-b02 mixed mode windows-amd64 compressed oops)
Heap:
 PSYoungGen      total 2373632K, used 225313K [0x000000070eb00000, 0x00000007c0000000, 0x00000007c0000000)
  eden space 1819136K, 12% used [0x000000070eb00000,0x000000071c7084e8,0x000000077db80000)
  from space 554496K, 0% used [0x000000079e280000,0x000000079e280000,0x00000007c0000000)
  to   space 531456K, 0% used [0x000000077db80000,0x000000077db80000,0x000000079e280000)
 ParOldGen       total 5811200K, used 1942087K [0x00000005ac000000, 0x000000070eb00000, 0x000000070eb00000)
  object space 5811200K, 33% used [0x00000005ac000000,0x0000000622891c38,0x000000070eb00000)
 Metaspace       used 155209K, capacity 160539K, committed 160792K, reserved 1183744K
  class space    used 24351K, capacity 25520K, committed 25624K, reserved 1048576K
GC Heap History (10 events):
Event: 144.269 GC heap before
{Heap before GC invocations=41 (full 6):
 PSYoungGen      total 2251264K, used 1589248K [0x000000070eb00000, 0x00000007c0000000, 0x00000007c0000000)
  eden space 1589248K, 100% used [0x000000070eb00000,0x000000076fb00000,0x000000076fb00000)
  from space 662016K, 0% used [0x0000000797980000,0x0000000797980000,0x00000007c0000000)
  to   space 653824K, 0% used [0x000000076fb00000,0x000000076fb00000,0x0000000797980000)
 ParOldGen       total 5811200K, used 1811002K [0x00000005ac000000, 0x000000070eb00000, 0x000000070eb00000)
  object space 5811200K, 31% used [0x00000005ac000000,0x000000061a88eb20,0x000000070eb00000)
 Metaspace       used 147295K, capacity 152323K, committed 152600K, reserved 1177600K
  class space    used 23452K, capacity 24566K, committed 24600K, reserved 1048576K
Event: 144.309 GC heap after
Heap after GC invocations=41 (full 6):
 PSYoungGen      total 2243072K, used 115670K [0x000000070eb00000, 0x00000007c0000000, 0x00000007c0000000)
  eden space 1589248K, 0% used [0x000000070eb00000,0x000000070eb00000,0x000000076fb00000)
  from space 653824K, 17% used [0x000000076fb00000,0x0000000776bf5b48,0x0000000797980000)
  to   space 621568K, 0% used [0x000000079a100000,0x000000079a100000,0x00000007c0000000)
 ParOldGen       total 5811200K, used 1811010K [0x00000005ac000000, 0x000000070eb00000, 0x000000070eb00000)
  object space 5811200K, 31% used [0x00000005ac000000,0x000000061a890b20,0x000000070eb00000)
 Metaspace       used 147295K, capacity 152323K, committed 152600K, reserved 1177600K
  class space    used 23452K, capacity 24566K, committed 24600K, reserved 1048576K
}
Event: 149.744 GC heap before
{Heap before GC invocations=42 (full 6):
 PSYoungGen      total 2243072K, used 1704918K [0x000000070eb00000, 0x00000007c0000000, 0x00000007c0000000)
  eden space 1589248K, 100% used [0x000000070eb00000,0x000000076fb00000,0x000000076fb00000)
  from space 653824K, 17% used [0x000000076fb00000,0x0000000776bf5b48,0x0000000797980000)
  to   space 621568K, 0% used [0x000000079a100000,0x000000079a100000,0x00000007c0000000)
 ParOldGen       total 5811200K, used 1811010K [0x00000005ac000000, 0x000000070eb00000, 0x000000070eb00000)
  object space 5811200K, 31% used [0x00000005ac000000,0x000000061a890b20,0x000000070eb00000)
 Metaspace       used 149845K, capacity 154937K, committed 155160K, reserved 1179648K
  class space    used 23730K, capacity 24849K, committed 24856K, reserved 1048576K
Event: 149.804 GC heap after
Heap after GC invocations=42 (full 6):
 PSYoungGen      total 2325504K, used 190508K [0x000000070eb00000, 0x00000007c0000000, 0x00000007c0000000)
  eden space 1703936K, 0% used [0x000000070eb00000,0x000000070eb00000,0x0000000776b00000)
  from space 621568K, 30% used [0x000000079a100000,0x00000007a5b0b318,0x00000007c0000000)
  to   space 579584K, 0% used [0x0000000776b00000,0x0000000776b00000,0x000000079a100000)
 ParOldGen       total 5811200K, used 1811018K [0x00000005ac000000, 0x000000070eb00000, 0x000000070eb00000)
  object space 5811200K, 31% used [0x00000005ac000000,0x000000061a892b20,0x000000070eb00000)
 Metaspace       used 149845K, capacity 154937K, committed 155160K, reserved 1179648K
  class space    used 23730K, capacity 24849K, committed 24856K, reserved 1048576K
}
Event: 153.756 GC heap before
{Heap before GC invocations=43 (full 6):
 PSYoungGen      total 2325504K, used 1511456K [0x000000070eb00000, 0x00000007c0000000, 0x00000007c0000000)
  eden space 1703936K, 77% used [0x000000070eb00000,0x000000075f4fced0,0x0000000776b00000)
  from space 621568K, 30% used [0x000000079a100000,0x00000007a5b0b318,0x00000007c0000000)
  to   space 579584K, 0% used [0x0000000776b00000,0x0000000776b00000,0x000000079a100000)
 ParOldGen       total 5811200K, used 1811018K [0x00000005ac000000, 0x000000070eb00000, 0x000000070eb00000)
  object space 5811200K, 31% used [0x00000005ac000000,0x000000061a892b20,0x000000070eb00000)
 Metaspace       used 154683K, capacity 159951K, committed 160152K, reserved 1183744K
  class space    used 24302K, capacity 25464K, committed 25496K, reserved 1048576K
Event: 153.814 GC heap after
Heap after GC invocations=43 (full 6):
 PSYoungGen      total 2283520K, used 225259K [0x000000070eb00000, 0x00000007c0000000, 0x00000007c0000000)
  eden space 1703936K, 0% used [0x000000070eb00000,0x000000070eb00000,0x0000000776b00000)
  from space 579584K, 38% used [0x0000000776b00000,0x00000007846faf10,0x000000079a100000)
  to   space 554496K, 0% used [0x000000079e280000,0x000000079e280000,0x00000007c0000000)
 ParOldGen       total 5811200K, used 1811026K [0x00000005ac000000, 0x000000070eb00000, 0x000000070eb00000)
  object space 5811200K, 31% used [0x00000005ac000000,0x000000061a894b20,0x000000070eb00000)
 Metaspace       used 154683K, capacity 159951K, committed 160152K, reserved 1183744K
  class space    used 24302K, capacity 25464K, committed 25496K, reserved 1048576K
}
Event: 153.987 GC heap before
{Heap before GC invocations=44 (full 6):
 PSYoungGen      total 2283520K, used 309165K [0x000000070eb00000, 0x00000007c0000000, 0x00000007c0000000)
  eden space 1703936K, 4% used [0x000000070eb00000,0x0000000713cf0538,0x0000000776b00000)
  from space 579584K, 38% used [0x0000000776b00000,0x00000007846faf10,0x000000079a100000)
  to   space 554496K, 0% used [0x000000079e280000,0x000000079e280000,0x00000007c0000000)
 ParOldGen       total 5811200K, used 1811026K [0x00000005ac000000, 0x000000070eb00000, 0x000000070eb00000)
  object space 5811200K, 31% used [0x00000005ac000000,0x000000061a894b20,0x000000070eb00000)
 Metaspace       used 154803K, capacity 160087K, committed 160152K, reserved 1183744K
  class space    used 24310K, capacity 25466K, committed 25496K, reserved 1048576K
Event: 154.043 GC heap after
Heap after GC invocations=44 (full 6):
 PSYoungGen      total 2373632K, used 226944K [0x000000070eb00000, 0x00000007c0000000, 0x00000007c0000000)
  eden space 1819136K, 0% used [0x000000070eb00000,0x000000070eb00000,0x000000077db80000)
  from space 554496K, 40% used [0x000000079e280000,0x00000007ac020270,0x00000007c0000000)
  to   space 531456K, 0% used [0x000000077db80000,0x000000077db80000,0x000000079e280000)
 ParOldGen       total 5811200K, used 1811034K [0x00000005ac000000, 0x000000070eb00000, 0x000000070eb00000)
  object space 5811200K, 31% used [0x00000005ac000000,0x000000061a896b20,0x000000070eb00000)
 Metaspace       used 154803K, capacity 160087K, committed 160152K, reserved 1183744K
  class space    used 24310K, capacity 25466K, committed 25496K, reserved 1048576K
}
Event: 154.043 GC heap before
{Heap before GC invocations=45 (full 7):
 PSYoungGen      total 2373632K, used 226944K [0x000000070eb00000, 0x00000007c0000000, 0x00000007c0000000)
  eden space 1819136K, 0% used [0x000000070eb00000,0x000000070eb00000,0x000000077db80000)
  from space 554496K, 40% used [0x000000079e280000,0x00000007ac020270,0x00000007c0000000)
  to   space 531456K, 0% used [0x000000077db80000,0x000000077db80000,0x000000079e280000)
 ParOldGen       total 5811200K, used 1811034K [0x00000005ac000000, 0x000000070eb00000, 0x000000070eb00000)
  object space 5811200K, 31% used [0x00000005ac000000,0x000000061a896b20,0x000000070eb00000)
 Metaspace       used 154803K, capacity 160087K, committed 160152K, reserved 1183744K
  class space    used 24310K, capacity 25466K, committed 25496K, reserved 1048576K
Event: 157.525 GC heap after
Heap after GC invocations=45 (full 7):
 PSYoungGen      total 2373632K, used 0K [0x000000070eb00000, 0x00000007c0000000, 0x00000007c0000000)
  eden space 1819136K, 0% used [0x000000070eb00000,0x000000070eb00000,0x000000077db80000)
  from space 554496K, 0% used [0x000000079e280000,0x000000079e280000,0x00000007c0000000)
  to   space 531456K, 0% used [0x000000077db80000,0x000000077db80000,0x000000079e280000)
 ParOldGen       total 5811200K, used 1942087K [0x00000005ac000000, 0x000000070eb00000, 0x000000070eb00000)
  object space 5811200K, 33% used [0x00000005ac000000,0x0000000622891c38,0x000000070eb00000)
 Metaspace       used 154803K, capacity 160087K, committed 160152K, reserved 1183744K
  class space    used 24310K, capacity 25466K, committed 25496K, reserved 1048576K
}

