# JRE version: Java(TM) SE Runtime Environment (8.0_45-b15) (build 1.8.0_45-b15)
# Java VM: Java HotSpot(TM) 64-Bit Server VM (25.45-b02 mixed mode windows-amd64 compressed oops)
Heap:
 PSYoungGen      total 2139648K, used 1307001K [0x000000070eb00000, 0x00000007c0000000, 0x00000007c0000000)
  eden space 1383424K, 92% used [0x000000070eb00000,0x000000075c7b5c20,0x0000000763200000)
  from space 756224K, 4% used [0x0000000763200000,0x00000007651a8b80,0x0000000791480000)
  to   space 737280K, 0% used [0x0000000793000000,0x0000000793000000,0x00000007c0000000)
 ParOldGen       total 5811200K, used 1708602K [0x00000005ac000000, 0x000000070eb00000, 0x000000070eb00000)
  object space 5811200K, 29% used [0x00000005ac000000,0x000000061448ea30,0x000000070eb00000)
 Metaspace       used 142935K, capacity 147545K, committed 147624K, reserved 1173504K
  class space    used 22935K, capacity 23979K, committed 23984K, reserved 1048576K
GC Heap History (10 events):
Event: 117.025 GC heap before
{Heap before GC invocations=29 (full 4):
 PSYoungGen      total 2094592K, used 1347764K [0x000000070eb00000, 0x00000007c0000000, 0x00000007c0000000)
  eden space 1292288K, 100% used [0x000000070eb00000,0x000000075d900000,0x000000075d900000)
  from space 802304K, 6% used [0x000000078f080000,0x00000007926ad280,0x00000007c0000000)
  to   space 806400K, 0% used [0x000000075d900000,0x000000075d900000,0x000000078ec80000)
 ParOldGen       total 5811200K, used 1575426K [0x00000005ac000000, 0x000000070eb00000, 0x000000070eb00000)
  object space 5811200K, 27% used [0x00000005ac000000,0x000000060c280840,0x000000070eb00000)
 Metaspace       used 137228K, capacity 141381K, committed 141608K, reserved 1167360K
  class space    used 22091K, capacity 23059K, committed 23088K, reserved 1048576K
Event: 117.067 GC heap after
Heap after GC invocations=29 (full 4):
 PSYoungGen      total 2098688K, used 39200K [0x000000070eb00000, 0x00000007c0000000, 0x00000007c0000000)
  eden space 1292288K, 0% used [0x000000070eb00000,0x000000070eb00000,0x000000075d900000)
  from space 806400K, 4% used [0x000000075d900000,0x000000075ff48240,0x000000078ec80000)
  to   space 805376K, 0% used [0x000000078ed80000,0x000000078ed80000,0x00000007c0000000)
 ParOldGen       total 5811200K, used 1591545K [0x00000005ac000000, 0x000000070eb00000, 0x000000070eb00000)
  object space 5811200K, 27% used [0x00000005ac000000,0x000000060d23e468,0x000000070eb00000)
 Metaspace       used 137228K, capacity 141381K, committed 141608K, reserved 1167360K
  class space    used 22091K, capacity 23059K, committed 23088K, reserved 1048576K
}
Event: 121.435 GC heap before
{Heap before GC invocations=30 (full 4):
 PSYoungGen      total 2098688K, used 1331488K [0x000000070eb00000, 0x00000007c0000000, 0x00000007c0000000)
  eden space 1292288K, 100% used [0x000000070eb00000,0x000000075d900000,0x000000075d900000)
  from space 806400K, 4% used [0x000000075d900000,0x000000075ff48240,0x000000078ec80000)
  to   space 805376K, 0% used [0x000000078ed80000,0x000000078ed80000,0x00000007c0000000)
 ParOldGen       total 5811200K, used 1591545K [0x00000005ac000000, 0x000000070eb00000, 0x000000070eb00000)
  object space 5811200K, 27% used [0x00000005ac000000,0x000000060d23e468,0x000000070eb00000)
 Metaspace       used 140403K, capacity 144749K, committed 144936K, reserved 1171456K
  class space    used 22576K, capacity 23571K, committed 23600K, reserved 1048576K
Event: 121.610 GC heap after
Heap after GC invocations=30 (full 4):
 PSYoungGen      total 2118656K, used 99394K [0x000000070eb00000, 0x00000007c0000000, 0x00000007c0000000)
  eden space 1313280K, 0% used [0x000000070eb00000,0x000000070eb00000,0x000000075ed80000)
  from space 805376K, 12% used [0x000000078ed80000,0x0000000794e90bf0,0x00000007c0000000)
  to   space 786432K, 0% used [0x000000075ed80000,0x000000075ed80000,0x000000078ed80000)
 ParOldGen       total 5811200K, used 1605420K [0x00000005ac000000, 0x000000070eb00000, 0x000000070eb00000)
  object space 5811200K, 27% used [0x00000005ac000000,0x000000060dfcb178,0x000000070eb00000)
 Metaspace       used 140403K, capacity 144749K, committed 144936K, reserved 1171456K
  class space    used 22576K, capacity 23571K, committed 23600K, reserved 1048576K
}
Event: 123.161 GC heap before
{Heap before GC invocations=31 (full 4):
 PSYoungGen      total 2118656K, used 1412674K [0x000000070eb00000, 0x00000007c0000000, 0x00000007c0000000)
  eden space 1313280K, 100% used [0x000000070eb00000,0x000000075ed80000,0x000000075ed80000)
  from space 805376K, 12% used [0x000000078ed80000,0x0000000794e90bf0,0x00000007c0000000)
  to   space 786432K, 0% used [0x000000075ed80000,0x000000075ed80000,0x000000078ed80000)
 ParOldGen       total 5811200K, used 1605420K [0x00000005ac000000, 0x000000070eb00000, 0x000000070eb00000)
  object space 5811200K, 27% used [0x00000005ac000000,0x000000060dfcb178,0x000000070eb00000)
 Metaspace       used 140411K, capacity 144749K, committed 144936K, reserved 1171456K
  class space    used 22576K, capacity 23571K, committed 23600K, reserved 1048576K
Event: 123.216 GC heap after
Heap after GC invocations=31 (full 4):
 PSYoungGen      total 2099712K, used 94882K [0x000000070eb00000, 0x00000007c0000000, 0x00000007c0000000)
  eden space 1313280K, 0% used [0x000000070eb00000,0x000000070eb00000,0x000000075ed80000)
  from space 786432K, 12% used [0x000000075ed80000,0x0000000764a289c0,0x000000078ed80000)
  to   space 765440K, 0% used [0x0000000791480000,0x0000000791480000,0x00000007c0000000)
 ParOldGen       total 5811200K, used 1607373K [0x00000005ac000000, 0x000000070eb00000, 0x000000070eb00000)
  object space 5811200K, 27% used [0x00000005ac000000,0x000000060e1b37d8,0x000000070eb00000)
 Metaspace       used 140411K, capacity 144749K, committed 144936K, reserved 1171456K
  class space    used 22576K, capacity 23571K, committed 23600K, reserved 1048576K
}
Event: 124.517 GC heap before
{Heap before GC invocations=32 (full 4):
 PSYoungGen      total 2099712K, used 1408162K [0x000000070eb00000, 0x00000007c0000000, 0x00000007c0000000)
  eden space 1313280K, 100% used [0x000000070eb00000,0x000000075ed80000,0x000000075ed80000)
  from space 786432K, 12% used [0x000000075ed80000,0x0000000764a289c0,0x000000078ed80000)
  to   space 765440K, 0% used [0x0000000791480000,0x0000000791480000,0x00000007c0000000)
 ParOldGen       total 5811200K, used 1607373K [0x00000005ac000000, 0x000000070eb00000, 0x000000070eb00000)
  object space 5811200K, 27% used [0x00000005ac000000,0x000000060e1b37d8,0x000000070eb00000)
 Metaspace       used 140432K, capacity 144749K, committed 144936K, reserved 1171456K
  class space    used 22576K, capacity 23571K, committed 23600K, reserved 1048576K
Event: 124.580 GC heap after
Heap after GC invocations=32 (full 4):
 PSYoungGen      total 2148864K, used 6326K [0x000000070eb00000, 0x00000007c0000000, 0x00000007c0000000)
  eden space 1383424K, 0% used [0x000000070eb00000,0x000000070eb00000,0x0000000763200000)
  from space 765440K, 0% used [0x0000000791480000,0x0000000791aadba8,0x00000007c0000000)
  to   space 756224K, 0% used [0x0000000763200000,0x0000000763200000,0x0000000791480000)
 ParOldGen       total 5811200K, used 1702451K [0x00000005ac000000, 0x000000070eb00000, 0x000000070eb00000)
  object space 5811200K, 29% used [0x00000005ac000000,0x0000000613e8ce88,0x000000070eb00000)
 Metaspace       used 140432K, capacity 144749K, committed 144936K, reserved 1171456K
  class space    used 22576K, capacity 23571K, committed 23600K, reserved 1048576K
}
Event: 129.507 GC heap before
{Heap before GC invocations=33 (full 4):
 PSYoungGen      total 2148864K, used 1389750K [0x000000070eb00000, 0x00000007c0000000, 0x00000007c0000000)
  eden space 1383424K, 100% used [0x000000070eb00000,0x0000000763200000,0x0000000763200000)
  from space 765440K, 0% used [0x0000000791480000,0x0000000791aadba8,0x00000007c0000000)
  to   space 756224K, 0% used [0x0000000763200000,0x0000000763200000,0x0000000791480000)
 ParOldGen       total 5811200K, used 1702451K [0x00000005ac000000, 0x000000070eb00000, 0x000000070eb00000)
  object space 5811200K, 29% used [0x00000005ac000000,0x0000000613e8ce88,0x000000070eb00000)
 Metaspace       used 142036K, capacity 146459K, committed 146600K, reserved 1171456K
  class space    used 22823K, capacity 23858K, committed 23984K, reserved 1048576K
Event: 129.542 GC heap after
Heap after GC invocations=33 (full 4):
 PSYoungGen      total 2139648K, used 32418K [0x000000070eb00000, 0x00000007c0000000, 0x00000007c0000000)
  eden space 1383424K, 0% used [0x000000070eb00000,0x000000070eb00000,0x0000000763200000)
  from space 756224K, 4% used [0x0000000763200000,0x00000007651a8b80,0x0000000791480000)
  to   space 737280K, 0% used [0x0000000793000000,0x0000000793000000,0x00000007c0000000)
 ParOldGen       total 5811200K, used 1708602K [0x00000005ac000000, 0x000000070eb00000, 0x000000070eb00000)
  object space 5811200K, 29% used [0x00000005ac000000,0x000000061448ea30,0x000000070eb00000)
 Metaspace       used 142036K, capacity 146459K, committed 146600K, reserved 1171456K
  class space    used 22823K, capacity 23858K, committed 23984K, reserved 1048576K
}

