# JRE version: Java(TM) SE Runtime Environment (8.0_45-b15) (build 1.8.0_45-b15)
# Java VM: Java HotSpot(TM) 64-Bit Server VM (25.45-b02 mixed mode windows-amd64 compressed oops)
Heap:
 PSYoungGen      total 2456576K, used 1395109K [0x000000070eb00000, 0x00000007c0000000, 0x00000007c0000000)
  eden space 2041856K, 48% used [0x000000070eb00000,0x000000074a8d50c8,0x000000078b500000)
  from space 414720K, 99% used [0x000000078b500000,0x00000007a4994658,0x00000007a4a00000)
  to   space 448512K, 0% used [0x00000007a4a00000,0x00000007a4a00000,0x00000007c0000000)
 ParOldGen       total 5811200K, used 639014K [0x00000005ac000000, 0x000000070eb00000, 0x000000070eb00000)
  object space 5811200K, 10% used [0x00000005ac000000,0x00000005d3009a90,0x000000070eb00000)
 Metaspace       used 130897K, capacity 134013K, committed 134272K, reserved 1159168K
  class space    used 22593K, capacity 23581K, committed 23680K, reserved 1048576K
GC Heap History (10 events):
Event: 50.502 GC heap before
{Heap before GC invocations=15 (full 4):
 PSYoungGen      total 2505216K, used 346586K [0x000000070eb00000, 0x00000007c0000000, 0x00000007c0000000)
  eden space 2158592K, 0% used [0x000000070eb00000,0x000000070eb00000,0x0000000792700000)
  from space 346624K, 99% used [0x0000000792700000,0x00000007a7976ad0,0x00000007a7980000)
  to   space 399872K, 0% used [0x00000007a7980000,0x00000007a7980000,0x00000007c0000000)
 ParOldGen       total 5811200K, used 328292K [0x00000005ac000000, 0x000000070eb00000, 0x000000070eb00000)
  object space 5811200K, 5% used [0x00000005ac000000,0x00000005c0099128,0x000000070eb00000)
 Metaspace       used 96110K, capacity 97617K, committed 98348K, reserved 1130496K
  class space    used 16205K, capacity 16751K, committed 16768K, reserved 1048576K
Event: 51.674 GC heap after
Heap after GC invocations=15 (full 4):
 PSYoungGen      total 2505216K, used 0K [0x000000070eb00000, 0x00000007c0000000, 0x00000007c0000000)
  eden space 2158592K, 0% used [0x000000070eb00000,0x000000070eb00000,0x0000000792700000)
  from space 346624K, 0% used [0x0000000792700000,0x0000000792700000,0x00000007a7980000)
  to   space 399872K, 0% used [0x00000007a7980000,0x00000007a7980000,0x00000007c0000000)
 ParOldGen       total 5811200K, used 638982K [0x00000005ac000000, 0x000000070eb00000, 0x000000070eb00000)
  object space 5811200K, 10% used [0x00000005ac000000,0x00000005d3001a90,0x000000070eb00000)
 Metaspace       used 96110K, capacity 97617K, committed 98348K, reserved 1130496K
  class space    used 16205K, capacity 16751K, committed 16768K, reserved 1048576K
}
Event: 61.743 GC heap before
{Heap before GC invocations=16 (full 4):
 PSYoungGen      total 2505216K, used 2158592K [0x000000070eb00000, 0x00000007c0000000, 0x00000007c0000000)
  eden space 2158592K, 100% used [0x000000070eb00000,0x0000000792700000,0x0000000792700000)
  from space 346624K, 0% used [0x0000000792700000,0x0000000792700000,0x00000007a7980000)
  to   space 399872K, 0% used [0x00000007a7980000,0x00000007a7980000,0x00000007c0000000)
 ParOldGen       total 5811200K, used 638982K [0x00000005ac000000, 0x000000070eb00000, 0x000000070eb00000)
  object space 5811200K, 10% used [0x00000005ac000000,0x00000005d3001a90,0x000000070eb00000)
 Metaspace       used 107439K, capacity 109371K, committed 110080K, reserved 1140736K
  class space    used 18272K, capacity 18933K, committed 18944K, reserved 1048576K
Event: 61.815 GC heap after
Heap after GC invocations=16 (full 4):
 PSYoungGen      total 2490880K, used 119618K [0x000000070eb00000, 0x00000007c0000000, 0x00000007c0000000)
  eden space 2091008K, 0% used [0x000000070eb00000,0x000000070eb00000,0x000000078e500000)
  from space 399872K, 29% used [0x00000007a7980000,0x00000007aee50a48,0x00000007c0000000)
  to   space 407040K, 0% used [0x000000078e500000,0x000000078e500000,0x00000007a7280000)
 ParOldGen       total 5811200K, used 638990K [0x00000005ac000000, 0x000000070eb00000, 0x000000070eb00000)
  object space 5811200K, 10% used [0x00000005ac000000,0x00000005d3003a90,0x000000070eb00000)
 Metaspace       used 107439K, capacity 109371K, committed 110080K, reserved 1140736K
  class space    used 18272K, capacity 18933K, committed 18944K, reserved 1048576K
}
Event: 67.043 GC heap before
{Heap before GC invocations=17 (full 4):
 PSYoungGen      total 2490880K, used 2210626K [0x000000070eb00000, 0x00000007c0000000, 0x00000007c0000000)
  eden space 2091008K, 100% used [0x000000070eb00000,0x000000078e500000,0x000000078e500000)
  from space 399872K, 29% used [0x00000007a7980000,0x00000007aee50a48,0x00000007c0000000)
  to   space 407040K, 0% used [0x000000078e500000,0x000000078e500000,0x00000007a7280000)
 ParOldGen       total 5811200K, used 638990K [0x00000005ac000000, 0x000000070eb00000, 0x000000070eb00000)
  object space 5811200K, 10% used [0x00000005ac000000,0x00000005d3003a90,0x000000070eb00000)
 Metaspace       used 117605K, capacity 120103K, committed 120320K, reserved 1148928K
  class space    used 20393K, capacity 21248K, committed 21248K, reserved 1048576K
Event: 67.118 GC heap after
Heap after GC invocations=17 (full 4):
 PSYoungGen      total 2498048K, used 170930K [0x000000070eb00000, 0x00000007c0000000, 0x00000007c0000000)
  eden space 2091008K, 0% used [0x000000070eb00000,0x000000070eb00000,0x000000078e500000)
  from space 407040K, 41% used [0x000000078e500000,0x0000000798becad0,0x00000007a7280000)
  to   space 392704K, 0% used [0x00000007a8080000,0x00000007a8080000,0x00000007c0000000)
 ParOldGen       total 5811200K, used 638998K [0x00000005ac000000, 0x000000070eb00000, 0x000000070eb00000)
  object space 5811200K, 10% used [0x00000005ac000000,0x00000005d3005a90,0x000000070eb00000)
 Metaspace       used 117605K, capacity 120103K, committed 120320K, reserved 1148928K
  class space    used 20393K, capacity 21248K, committed 21248K, reserved 1048576K
}
Event: 72.074 GC heap before
{Heap before GC invocations=18 (full 4):
 PSYoungGen      total 2498048K, used 2261938K [0x000000070eb00000, 0x00000007c0000000, 0x00000007c0000000)
  eden space 2091008K, 100% used [0x000000070eb00000,0x000000078e500000,0x000000078e500000)
  from space 407040K, 41% used [0x000000078e500000,0x0000000798becad0,0x00000007a7280000)
  to   space 392704K, 0% used [0x00000007a8080000,0x00000007a8080000,0x00000007c0000000)
 ParOldGen       total 5811200K, used 638998K [0x00000005ac000000, 0x000000070eb00000, 0x000000070eb00000)
  object space 5811200K, 10% used [0x00000005ac000000,0x00000005d3005a90,0x000000070eb00000)
 Metaspace       used 127306K, capacity 130087K, committed 130304K, reserved 1157120K
  class space    used 22090K, capacity 22998K, committed 23040K, reserved 1048576K
Event: 72.190 GC heap after
Heap after GC invocations=18 (full 4):
 PSYoungGen      total 2434560K, used 358924K [0x000000070eb00000, 0x00000007c0000000, 0x00000007c0000000)
  eden space 2041856K, 0% used [0x000000070eb00000,0x000000070eb00000,0x000000078b500000)
  from space 392704K, 91% used [0x00000007a8080000,0x00000007bdf030f0,0x00000007c0000000)
  to   space 431616K, 0% used [0x000000078b500000,0x000000078b500000,0x00000007a5a80000)
 ParOldGen       total 5811200K, used 639006K [0x00000005ac000000, 0x000000070eb00000, 0x000000070eb00000)
  object space 5811200K, 10% used [0x00000005ac000000,0x00000005d3007a90,0x000000070eb00000)
 Metaspace       used 127306K, capacity 130087K, committed 130304K, reserved 1157120K
  class space    used 22090K, capacity 22998K, committed 23040K, reserved 1048576K
}
Event: 78.844 GC heap before
{Heap before GC invocations=19 (full 4):
 PSYoungGen      total 2434560K, used 2400780K [0x000000070eb00000, 0x00000007c0000000, 0x00000007c0000000)
  eden space 2041856K, 100% used [0x000000070eb00000,0x000000078b500000,0x000000078b500000)
  from space 392704K, 91% used [0x00000007a8080000,0x00000007bdf030f0,0x00000007c0000000)
  to   space 431616K, 0% used [0x000000078b500000,0x000000078b500000,0x00000007a5a80000)
 ParOldGen       total 5811200K, used 639006K [0x00000005ac000000, 0x000000070eb00000, 0x000000070eb00000)
  object space 5811200K, 10% used [0x00000005ac000000,0x00000005d3007a90,0x000000070eb00000)
 Metaspace       used 130738K, capacity 133785K, committed 133888K, reserved 1159168K
  class space    used 22581K, capacity 23547K, committed 23552K, reserved 1048576K
Event: 78.988 GC heap after
Heap after GC invocations=19 (full 4):
 PSYoungGen      total 2456576K, used 414289K [0x000000070eb00000, 0x00000007c0000000, 0x00000007c0000000)
  eden space 2041856K, 0% used [0x000000070eb00000,0x000000070eb00000,0x000000078b500000)
  from space 414720K, 99% used [0x000000078b500000,0x00000007a4994658,0x00000007a4a00000)
  to   space 448512K, 0% used [0x00000007a4a00000,0x00000007a4a00000,0x00000007c0000000)
 ParOldGen       total 5811200K, used 639014K [0x00000005ac000000, 0x000000070eb00000, 0x000000070eb00000)
  object space 5811200K, 10% used [0x00000005ac000000,0x00000005d3009a90,0x000000070eb00000)
 Metaspace       used 130738K, capacity 133785K, committed 133888K, reserved 1159168K
  class space    used 22581K, capacity 23547K, committed 23552K, reserved 1048576K
}

