# JRE version: Java(TM) SE Runtime Environment (8.0_45-b15) (build 1.8.0_45-b15)
# Java VM: Java HotSpot(TM) 64-Bit Server VM (25.45-b02 mixed mode windows-amd64 compressed oops)
Heap:
 PSYoungGen      total 2480640K, used 999695K [0x000000070eb00000, 0x00000007c0000000, 0x00000007c0000000)
  eden space 2262016K, 34% used [0x000000070eb00000,0x000000073e6100d0,0x0000000798c00000)
  from space 218624K, 99% used [0x0000000798c00000,0x00000007a6133d70,0x00000007a6180000)
  to   space 324608K, 0% used [0x00000007ac300000,0x00000007ac300000,0x00000007c0000000)
 ParOldGen       total 5811200K, used 496956K [0x00000005ac000000, 0x000000070eb00000, 0x000000070eb00000)
  object space 5811200K, 8% used [0x00000005ac000000,0x00000005ca54f1c0,0x000000070eb00000)
 Metaspace       used 108139K, capacity 110233K, committed 111104K, reserved 1142784K
  class space    used 17722K, capacity 18403K, committed 18688K, reserved 1048576K
GC Heap History (10 events):
Event: 38.522 GC heap before
{Heap before GC invocations=11 (full 3):
 PSYoungGen      total 2634240K, used 2498798K [0x000000070eb00000, 0x00000007c0000000, 0x00000007c0000000)
  eden space 2364928K, 100% used [0x000000070eb00000,0x000000079f080000,0x000000079f080000)
  from space 269312K, 49% used [0x000000079f080000,0x00000007a733b858,0x00000007af780000)
  to   space 251904K, 0% used [0x00000007b0a00000,0x00000007b0a00000,0x00000007c0000000)
 ParOldGen       total 5811200K, used 272749K [0x00000005ac000000, 0x000000070eb00000, 0x000000070eb00000)
  object space 5811200K, 4% used [0x00000005ac000000,0x00000005bca5b448,0x000000070eb00000)
 Metaspace       used 85599K, capacity 87493K, committed 87680K, reserved 1122304K
  class space    used 13679K, capacity 14344K, committed 14464K, reserved 1048576K
Event: 38.639 GC heap after
Heap after GC invocations=11 (full 3):
 PSYoungGen      total 2589696K, used 240811K [0x000000070eb00000, 0x00000007c0000000, 0x00000007c0000000)
  eden space 2337792K, 0% used [0x000000070eb00000,0x000000070eb00000,0x000000079d600000)
  from space 251904K, 95% used [0x00000007b0a00000,0x00000007bf52ace8,0x00000007c0000000)
  to   space 283648K, 0% used [0x000000079d600000,0x000000079d600000,0x00000007aeb00000)
 ParOldGen       total 5811200K, used 272757K [0x00000005ac000000, 0x000000070eb00000, 0x000000070eb00000)
  object space 5811200K, 4% used [0x00000005ac000000,0x00000005bca5d448,0x000000070eb00000)
 Metaspace       used 85599K, capacity 87493K, committed 87680K, reserved 1122304K
  class space    used 13679K, capacity 14344K, committed 14464K, reserved 1048576K
}
Event: 42.868 GC heap before
{Heap before GC invocations=12 (full 3):
 PSYoungGen      total 2589696K, used 2578603K [0x000000070eb00000, 0x00000007c0000000, 0x00000007c0000000)
  eden space 2337792K, 100% used [0x000000070eb00000,0x000000079d600000,0x000000079d600000)
  from space 251904K, 95% used [0x00000007b0a00000,0x00000007bf52ace8,0x00000007c0000000)
  to   space 283648K, 0% used [0x000000079d600000,0x000000079d600000,0x00000007aeb00000)
 ParOldGen       total 5811200K, used 272757K [0x00000005ac000000, 0x000000070eb00000, 0x000000070eb00000)
  object space 5811200K, 4% used [0x00000005ac000000,0x00000005bca5d448,0x000000070eb00000)
 Metaspace       used 91374K, capacity 93293K, committed 93568K, reserved 1128448K
  class space    used 14827K, capacity 15488K, committed 15488K, reserved 1048576K
Event: 42.948 GC heap after
Heap after GC invocations=12 (full 3):
 PSYoungGen      total 2571776K, used 233772K [0x000000070eb00000, 0x00000007c0000000, 0x00000007c0000000)
  eden space 2337792K, 0% used [0x000000070eb00000,0x000000070eb00000,0x000000079d600000)
  from space 233984K, 99% used [0x000000079d600000,0x00000007aba4b2e8,0x00000007aba80000)
  to   space 302592K, 0% used [0x00000007ad880000,0x00000007ad880000,0x00000007c0000000)
 ParOldGen       total 5811200K, used 272765K [0x00000005ac000000, 0x000000070eb00000, 0x000000070eb00000)
  object space 5811200K, 4% used [0x00000005ac000000,0x00000005bca5f448,0x000000070eb00000)
 Metaspace       used 91374K, capacity 93293K, committed 93568K, reserved 1128448K
  class space    used 14827K, capacity 15488K, committed 15488K, reserved 1048576K
}
Event: 45.088 GC heap before
{Heap before GC invocations=13 (full 3):
 PSYoungGen      total 2571776K, used 877978K [0x000000070eb00000, 0x00000007c0000000, 0x00000007c0000000)
  eden space 2337792K, 27% used [0x000000070eb00000,0x000000073601b6d0,0x000000079d600000)
  from space 233984K, 99% used [0x000000079d600000,0x00000007aba4b2e8,0x00000007aba80000)
  to   space 302592K, 0% used [0x00000007ad880000,0x00000007ad880000,0x00000007c0000000)
 ParOldGen       total 5811200K, used 272765K [0x00000005ac000000, 0x000000070eb00000, 0x000000070eb00000)
  object space 5811200K, 4% used [0x00000005ac000000,0x00000005bca5f448,0x000000070eb00000)
 Metaspace       used 96380K, capacity 98295K, committed 98560K, reserved 1132544K
  class space    used 15697K, capacity 16365K, committed 16384K, reserved 1048576K
Event: 45.201 GC heap after
Heap after GC invocations=13 (full 3):
 PSYoungGen      total 2564608K, used 248386K [0x000000070eb00000, 0x00000007c0000000, 0x00000007c0000000)
  eden space 2262016K, 0% used [0x000000070eb00000,0x000000070eb00000,0x0000000798c00000)
  from space 302592K, 82% used [0x00000007ad880000,0x00000007bcb10ae0,0x00000007c0000000)
  to   space 321536K, 0% used [0x0000000798c00000,0x0000000798c00000,0x00000007ac600000)
 ParOldGen       total 5811200K, used 272773K [0x00000005ac000000, 0x000000070eb00000, 0x000000070eb00000)
  object space 5811200K, 4% used [0x00000005ac000000,0x00000005bca61448,0x000000070eb00000)
 Metaspace       used 96380K, capacity 98295K, committed 98560K, reserved 1132544K
  class space    used 15697K, capacity 16365K, committed 16384K, reserved 1048576K
}
Event: 45.201 GC heap before
{Heap before GC invocations=14 (full 4):
 PSYoungGen      total 2564608K, used 248386K [0x000000070eb00000, 0x00000007c0000000, 0x00000007c0000000)
  eden space 2262016K, 0% used [0x000000070eb00000,0x000000070eb00000,0x0000000798c00000)
  from space 302592K, 82% used [0x00000007ad880000,0x00000007bcb10ae0,0x00000007c0000000)
  to   space 321536K, 0% used [0x0000000798c00000,0x0000000798c00000,0x00000007ac600000)
 ParOldGen       total 5811200K, used 272773K [0x00000005ac000000, 0x000000070eb00000, 0x000000070eb00000)
  object space 5811200K, 4% used [0x00000005ac000000,0x00000005bca61448,0x000000070eb00000)
 Metaspace       used 96380K, capacity 98295K, committed 98560K, reserved 1132544K
  class space    used 15697K, capacity 16365K, committed 16384K, reserved 1048576K
Event: 46.116 GC heap after
Heap after GC invocations=14 (full 4):
 PSYoungGen      total 2564608K, used 0K [0x000000070eb00000, 0x00000007c0000000, 0x00000007c0000000)
  eden space 2262016K, 0% used [0x000000070eb00000,0x000000070eb00000,0x0000000798c00000)
  from space 302592K, 0% used [0x00000007ad880000,0x00000007ad880000,0x00000007c0000000)
  to   space 321536K, 0% used [0x0000000798c00000,0x0000000798c00000,0x00000007ac600000)
 ParOldGen       total 5811200K, used 496948K [0x00000005ac000000, 0x000000070eb00000, 0x000000070eb00000)
  object space 5811200K, 8% used [0x00000005ac000000,0x00000005ca54d1c0,0x000000070eb00000)
 Metaspace       used 96116K, capacity 97797K, committed 98560K, reserved 1132544K
  class space    used 15609K, capacity 16199K, committed 16384K, reserved 1048576K
}
Event: 50.706 GC heap before
{Heap before GC invocations=15 (full 4):
 PSYoungGen      total 2564608K, used 2262016K [0x000000070eb00000, 0x00000007c0000000, 0x00000007c0000000)
  eden space 2262016K, 100% used [0x000000070eb00000,0x0000000798c00000,0x0000000798c00000)
  from space 302592K, 0% used [0x00000007ad880000,0x00000007ad880000,0x00000007c0000000)
  to   space 321536K, 0% used [0x0000000798c00000,0x0000000798c00000,0x00000007ac600000)
 ParOldGen       total 5811200K, used 496948K [0x00000005ac000000, 0x000000070eb00000, 0x000000070eb00000)
  object space 5811200K, 8% used [0x00000005ac000000,0x00000005ca54d1c0,0x000000070eb00000)
 Metaspace       used 106423K, capacity 108305K, committed 109312K, reserved 1140736K
  class space    used 17510K, capacity 18173K, committed 18432K, reserved 1048576K
Event: 50.778 GC heap after
Heap after GC invocations=15 (full 4):
 PSYoungGen      total 2480640K, used 218319K [0x000000070eb00000, 0x00000007c0000000, 0x00000007c0000000)
  eden space 2262016K, 0% used [0x000000070eb00000,0x000000070eb00000,0x0000000798c00000)
  from space 218624K, 99% used [0x0000000798c00000,0x00000007a6133d70,0x00000007a6180000)
  to   space 324608K, 0% used [0x00000007ac300000,0x00000007ac300000,0x00000007c0000000)
 ParOldGen       total 5811200K, used 496956K [0x00000005ac000000, 0x000000070eb00000, 0x000000070eb00000)
  object space 5811200K, 8% used [0x00000005ac000000,0x00000005ca54f1c0,0x000000070eb00000)
 Metaspace       used 106423K, capacity 108305K, committed 109312K, reserved 1140736K
  class space    used 17510K, capacity 18173K, committed 18432K, reserved 1048576K
}

