# JRE version: Java(TM) SE Runtime Environment (8.0_45-b15) (build 1.8.0_45-b15)
# Java VM: Java HotSpot(TM) 64-Bit Server VM (25.45-b02 mixed mode windows-amd64 compressed oops)
Heap:
 PSYoungGen      total 2492416K, used 1688610K [0x000000070eb00000, 0x00000007c0000000, 0x00000007c0000000)
  eden space 2089984K, 79% used [0x000000070eb00000,0x0000000774919ff0,0x000000078e400000)
  from space 402432K, 4% used [0x00000007a7700000,0x00000007a89eeb60,0x00000007c0000000)
  to   space 407552K, 0% used [0x000000078e400000,0x000000078e400000,0x00000007a7200000)
 ParOldGen       total 5811200K, used 2829991K [0x00000005ac000000, 0x000000070eb00000, 0x000000070eb00000)
  object space 5811200K, 48% used [0x00000005ac000000,0x0000000658ba9e08,0x000000070eb00000)
 Metaspace       used 183761K, capacity 192043K, committed 192176K, reserved 1210368K
  class space    used 29001K, capacity 30804K, committed 30896K, reserved 1048576K
GC Heap History (10 events):
Event: 408.450 GC heap before
{Heap before GC invocations=92 (full 8):
 PSYoungGen      total 2528768K, used 2405404K [0x000000070eb00000, 0x00000007c0000000, 0x00000007c0000000)
  eden space 2164736K, 100% used [0x000000070eb00000,0x0000000792d00000,0x0000000792d00000)
  from space 364032K, 66% used [0x0000000792d00000,0x00000007a1807020,0x00000007a9080000)
  to   space 352768K, 0% used [0x00000007aa780000,0x00000007aa780000,0x00000007c0000000)
 ParOldGen       total 5811200K, used 2593074K [0x00000005ac000000, 0x000000070eb00000, 0x000000070eb00000)
  object space 5811200K, 44% used [0x00000005ac000000,0x000000064a44c930,0x000000070eb00000)
 Metaspace       used 183375K, capacity 191613K, committed 191920K, reserved 1210368K
  class space    used 28982K, capacity 30771K, committed 30896K, reserved 1048576K
Event: 408.504 GC heap after
Heap after GC invocations=92 (full 8):
 PSYoungGen      total 2530816K, used 120096K [0x000000070eb00000, 0x00000007c0000000, 0x00000007c0000000)
  eden space 2178048K, 0% used [0x000000070eb00000,0x000000070eb00000,0x0000000793a00000)
  from space 352768K, 34% used [0x00000007aa780000,0x00000007b1cc8290,0x00000007c0000000)
  to   space 363520K, 0% used [0x0000000793a00000,0x0000000793a00000,0x00000007a9d00000)
 ParOldGen       total 5811200K, used 2720523K [0x00000005ac000000, 0x000000070eb00000, 0x000000070eb00000)
  object space 5811200K, 46% used [0x00000005ac000000,0x00000006520c2f40,0x000000070eb00000)
 Metaspace       used 183375K, capacity 191613K, committed 191920K, reserved 1210368K
  class space    used 28982K, capacity 30771K, committed 30896K, reserved 1048576K
}
Event: 418.994 GC heap before
{Heap before GC invocations=93 (full 8):
 PSYoungGen      total 2530816K, used 2298144K [0x000000070eb00000, 0x00000007c0000000, 0x00000007c0000000)
  eden space 2178048K, 100% used [0x000000070eb00000,0x0000000793a00000,0x0000000793a00000)
  from space 352768K, 34% used [0x00000007aa780000,0x00000007b1cc8290,0x00000007c0000000)
  to   space 363520K, 0% used [0x0000000793a00000,0x0000000793a00000,0x00000007a9d00000)
 ParOldGen       total 5811200K, used 2720523K [0x00000005ac000000, 0x000000070eb00000, 0x000000070eb00000)
  object space 5811200K, 46% used [0x00000005ac000000,0x00000006520c2f40,0x000000070eb00000)
 Metaspace       used 183476K, capacity 191779K, committed 191920K, reserved 1210368K
  class space    used 28994K, capacity 30804K, committed 30896K, reserved 1048576K
Event: 419.033 GC heap after
Heap after GC invocations=93 (full 8):
 PSYoungGen      total 2275840K, used 97735K [0x000000070eb00000, 0x00000007c0000000, 0x00000007c0000000)
  eden space 2178048K, 0% used [0x000000070eb00000,0x000000070eb00000,0x0000000793a00000)
  from space 97792K, 99% used [0x0000000793a00000,0x0000000799971dc0,0x0000000799980000)
  to   space 373248K, 0% used [0x00000007a9380000,0x00000007a9380000,0x00000007c0000000)
 ParOldGen       total 5811200K, used 2753863K [0x00000005ac000000, 0x000000070eb00000, 0x000000070eb00000)
  object space 5811200K, 47% used [0x00000005ac000000,0x0000000654151f98,0x000000070eb00000)
 Metaspace       used 183476K, capacity 191779K, committed 191920K, reserved 1210368K
  class space    used 28994K, capacity 30804K, committed 30896K, reserved 1048576K
}
Event: 429.971 GC heap before
{Heap before GC invocations=94 (full 8):
 PSYoungGen      total 2275840K, used 2275783K [0x000000070eb00000, 0x00000007c0000000, 0x00000007c0000000)
  eden space 2178048K, 100% used [0x000000070eb00000,0x0000000793a00000,0x0000000793a00000)
  from space 97792K, 99% used [0x0000000793a00000,0x0000000799971dc0,0x0000000799980000)
  to   space 373248K, 0% used [0x00000007a9380000,0x00000007a9380000,0x00000007c0000000)
 ParOldGen       total 5811200K, used 2753863K [0x00000005ac000000, 0x000000070eb00000, 0x000000070eb00000)
  object space 5811200K, 47% used [0x00000005ac000000,0x0000000654151f98,0x000000070eb00000)
 Metaspace       used 183511K, capacity 191779K, committed 191920K, reserved 1210368K
  class space    used 28995K, capacity 30804K, committed 30896K, reserved 1048576K
Event: 429.999 GC heap after
Heap after GC invocations=94 (full 8):
 PSYoungGen      total 2497024K, used 23596K [0x000000070eb00000, 0x00000007c0000000, 0x00000007c0000000)
  eden space 2123776K, 0% used [0x000000070eb00000,0x000000070eb00000,0x0000000790500000)
  from space 373248K, 6% used [0x00000007a9380000,0x00000007aaa8b1c8,0x00000007c0000000)
  to   space 390656K, 0% used [0x0000000790500000,0x0000000790500000,0x00000007a8280000)
 ParOldGen       total 5811200K, used 2824708K [0x00000005ac000000, 0x000000070eb00000, 0x000000070eb00000)
  object space 5811200K, 48% used [0x00000005ac000000,0x00000006586813d0,0x000000070eb00000)
 Metaspace       used 183511K, capacity 191779K, committed 191920K, reserved 1210368K
  class space    used 28995K, capacity 30804K, committed 30896K, reserved 1048576K
}
Event: 447.385 GC heap before
{Heap before GC invocations=95 (full 8):
 PSYoungGen      total 2497024K, used 2147372K [0x000000070eb00000, 0x00000007c0000000, 0x00000007c0000000)
  eden space 2123776K, 100% used [0x000000070eb00000,0x0000000790500000,0x0000000790500000)
  from space 373248K, 6% used [0x00000007a9380000,0x00000007aaa8b1c8,0x00000007c0000000)
  to   space 390656K, 0% used [0x0000000790500000,0x0000000790500000,0x00000007a8280000)
 ParOldGen       total 5811200K, used 2824708K [0x00000005ac000000, 0x000000070eb00000, 0x000000070eb00000)
  object space 5811200K, 48% used [0x00000005ac000000,0x00000006586813d0,0x000000070eb00000)
 Metaspace       used 183595K, capacity 191843K, committed 192176K, reserved 1210368K
  class space    used 28995K, capacity 30804K, committed 30896K, reserved 1048576K
Event: 447.402 GC heap after
Heap after GC invocations=95 (full 8):
 PSYoungGen      total 2143744K, used 19511K [0x000000070eb00000, 0x00000007c0000000, 0x00000007c0000000)
  eden space 2123776K, 0% used [0x000000070eb00000,0x000000070eb00000,0x0000000790500000)
  from space 19968K, 97% used [0x0000000790500000,0x000000079180dc00,0x0000000791880000)
  to   space 402432K, 0% used [0x00000007a7700000,0x00000007a7700000,0x00000007c0000000)
 ParOldGen       total 5811200K, used 2829334K [0x00000005ac000000, 0x000000070eb00000, 0x000000070eb00000)
  object space 5811200K, 48% used [0x00000005ac000000,0x0000000658b05b18,0x000000070eb00000)
 Metaspace       used 183595K, capacity 191843K, committed 192176K, reserved 1210368K
  class space    used 28995K, capacity 30804K, committed 30896K, reserved 1048576K
}
Event: 491.792 GC heap before
{Heap before GC invocations=96 (full 8):
 PSYoungGen      total 2143744K, used 2143287K [0x000000070eb00000, 0x00000007c0000000, 0x00000007c0000000)
  eden space 2123776K, 100% used [0x000000070eb00000,0x0000000790500000,0x0000000790500000)
  from space 19968K, 97% used [0x0000000790500000,0x000000079180dc00,0x0000000791880000)
  to   space 402432K, 0% used [0x00000007a7700000,0x00000007a7700000,0x00000007c0000000)
 ParOldGen       total 5811200K, used 2829334K [0x00000005ac000000, 0x000000070eb00000, 0x000000070eb00000)
  object space 5811200K, 48% used [0x00000005ac000000,0x0000000658b05b18,0x000000070eb00000)
 Metaspace       used 183708K, capacity 191975K, committed 192176K, reserved 1210368K
  class space    used 29001K, capacity 30804K, committed 30896K, reserved 1048576K
Event: 491.808 GC heap after
Heap after GC invocations=96 (full 8):
 PSYoungGen      total 2492416K, used 19386K [0x000000070eb00000, 0x00000007c0000000, 0x00000007c0000000)
  eden space 2089984K, 0% used [0x000000070eb00000,0x000000070eb00000,0x000000078e400000)
  from space 402432K, 4% used [0x00000007a7700000,0x00000007a89eeb60,0x00000007c0000000)
  to   space 407552K, 0% used [0x000000078e400000,0x000000078e400000,0x00000007a7200000)
 ParOldGen       total 5811200K, used 2829991K [0x00000005ac000000, 0x000000070eb00000, 0x000000070eb00000)
  object space 5811200K, 48% used [0x00000005ac000000,0x0000000658ba9e08,0x000000070eb00000)
 Metaspace       used 183708K, capacity 191975K, committed 192176K, reserved 1210368K
  class space    used 29001K, capacity 30804K, committed 30896K, reserved 1048576K
}

