# JRE version: Java(TM) SE Runtime Environment (8.0_45-b15) (build 1.8.0_45-b15)
# Java VM: Java HotSpot(TM) 64-Bit Server VM (25.45-b02 mixed mode windows-amd64 compressed oops)
Heap:
 PSYoungGen      total 2365952K, used 1903886K [0x000000070eb00000, 0x00000007c0000000, 0x00000007c0000000)
  eden space 1812992K, 90% used [0x000000070eb00000,0x00000007735b8798,0x000000077d580000)
  from space 552960K, 46% used [0x000000079e400000,0x00000007adc8b2b8,0x00000007c0000000)
  to   space 539136K, 0% used [0x000000077d580000,0x000000077d580000,0x000000079e400000)
 ParOldGen       total 5811200K, used 1827316K [0x00000005ac000000, 0x000000070eb00000, 0x000000070eb00000)
  object space 5811200K, 31% used [0x00000005ac000000,0x000000061b87d208,0x000000070eb00000)
 Metaspace       used 156202K, capacity 160503K, committed 160936K, reserved 1185792K
  class space    used 24220K, capacity 25254K, committed 25512K, reserved 1048576K
GC Heap History (10 events):
Event: 159.723 GC heap before
{Heap before GC invocations=46 (full 5):
 PSYoungGen      total 2251264K, used 4301K [0x000000070eb00000, 0x00000007c0000000, 0x00000007c0000000)
  eden space 1681408K, 0% used [0x000000070eb00000,0x000000070ef33728,0x0000000775500000)
  from space 569856K, 0% used [0x000000079d380000,0x000000079d380000,0x00000007c0000000)
  to   space 611840K, 0% used [0x0000000775500000,0x0000000775500000,0x000000079aa80000)
 ParOldGen       total 5811200K, used 1827292K [0x00000005ac000000, 0x000000070eb00000, 0x000000070eb00000)
  object space 5811200K, 31% used [0x00000005ac000000,0x000000061b877240,0x000000070eb00000)
 Metaspace       used 144810K, capacity 148453K, committed 149800K, reserved 1175552K
  class space    used 23014K, capacity 23921K, committed 24104K, reserved 1048576K
Event: 159.729 GC heap after
Heap after GC invocations=46 (full 5):
 PSYoungGen      total 2293248K, used 0K [0x000000070eb00000, 0x00000007c0000000, 0x00000007c0000000)
  eden space 1681408K, 0% used [0x000000070eb00000,0x000000070eb00000,0x0000000775500000)
  from space 611840K, 0% used [0x0000000775500000,0x0000000775500000,0x000000079aa80000)
  to   space 611840K, 0% used [0x000000079aa80000,0x000000079aa80000,0x00000007c0000000)
 ParOldGen       total 5811200K, used 1827292K [0x00000005ac000000, 0x000000070eb00000, 0x000000070eb00000)
  object space 5811200K, 31% used [0x00000005ac000000,0x000000061b877240,0x000000070eb00000)
 Metaspace       used 144810K, capacity 148453K, committed 149800K, reserved 1175552K
  class space    used 23014K, capacity 23921K, committed 24104K, reserved 1048576K
}
Event: 159.729 GC heap before
{Heap before GC invocations=47 (full 6):
 PSYoungGen      total 2293248K, used 0K [0x000000070eb00000, 0x00000007c0000000, 0x00000007c0000000)
  eden space 1681408K, 0% used [0x000000070eb00000,0x000000070eb00000,0x0000000775500000)
  from space 611840K, 0% used [0x0000000775500000,0x0000000775500000,0x000000079aa80000)
  to   space 611840K, 0% used [0x000000079aa80000,0x000000079aa80000,0x00000007c0000000)
 ParOldGen       total 5811200K, used 1827292K [0x00000005ac000000, 0x000000070eb00000, 0x000000070eb00000)
  object space 5811200K, 31% used [0x00000005ac000000,0x000000061b877240,0x000000070eb00000)
 Metaspace       used 144810K, capacity 148453K, committed 149800K, reserved 1175552K
  class space    used 23014K, capacity 23921K, committed 24104K, reserved 1048576K
Event: 160.822 GC heap after
Heap after GC invocations=47 (full 6):
 PSYoungGen      total 2293248K, used 0K [0x000000070eb00000, 0x00000007c0000000, 0x00000007c0000000)
  eden space 1681408K, 0% used [0x000000070eb00000,0x000000070eb00000,0x0000000775500000)
  from space 611840K, 0% used [0x0000000775500000,0x0000000775500000,0x000000079aa80000)
  to   space 611840K, 0% used [0x000000079aa80000,0x000000079aa80000,0x00000007c0000000)
 ParOldGen       total 5811200K, used 1827292K [0x00000005ac000000, 0x000000070eb00000, 0x000000070eb00000)
  object space 5811200K, 31% used [0x00000005ac000000,0x000000061b877208,0x000000070eb00000)
 Metaspace       used 144810K, capacity 148453K, committed 149800K, reserved 1175552K
  class space    used 23014K, capacity 23921K, committed 24104K, reserved 1048576K
}
Event: 164.210 GC heap before
{Heap before GC invocations=48 (full 6):
 PSYoungGen      total 2293248K, used 1675530K [0x000000070eb00000, 0x00000007c0000000, 0x00000007c0000000)
  eden space 1681408K, 99% used [0x000000070eb00000,0x0000000774f428b8,0x0000000775500000)
  from space 611840K, 0% used [0x0000000775500000,0x0000000775500000,0x000000079aa80000)
  to   space 611840K, 0% used [0x000000079aa80000,0x000000079aa80000,0x00000007c0000000)
 ParOldGen       total 5811200K, used 1827292K [0x00000005ac000000, 0x000000070eb00000, 0x000000070eb00000)
  object space 5811200K, 31% used [0x00000005ac000000,0x000000061b877208,0x000000070eb00000)
 Metaspace       used 146523K, capacity 150603K, committed 150952K, reserved 1175552K
  class space    used 23264K, capacity 24262K, committed 24488K, reserved 1048576K
Event: 164.259 GC heap after
Heap after GC invocations=48 (full 6):
 PSYoungGen      total 2320384K, used 121203K [0x000000070eb00000, 0x00000007c0000000, 0x00000007c0000000)
  eden space 1708544K, 0% used [0x000000070eb00000,0x000000070eb00000,0x0000000776f80000)
  from space 611840K, 19% used [0x000000079aa80000,0x00000007a20dceb8,0x00000007c0000000)
  to   space 584704K, 0% used [0x0000000776f80000,0x0000000776f80000,0x000000079aa80000)
 ParOldGen       total 5811200K, used 1827300K [0x00000005ac000000, 0x000000070eb00000, 0x000000070eb00000)
  object space 5811200K, 31% used [0x00000005ac000000,0x000000061b879208,0x000000070eb00000)
 Metaspace       used 146523K, capacity 150603K, committed 150952K, reserved 1175552K
  class space    used 23264K, capacity 24262K, committed 24488K, reserved 1048576K
}
Event: 171.320 GC heap before
{Heap before GC invocations=49 (full 6):
 PSYoungGen      total 2320384K, used 1829747K [0x000000070eb00000, 0x00000007c0000000, 0x00000007c0000000)
  eden space 1708544K, 100% used [0x000000070eb00000,0x0000000776f80000,0x0000000776f80000)
  from space 611840K, 19% used [0x000000079aa80000,0x00000007a20dceb8,0x00000007c0000000)
  to   space 584704K, 0% used [0x0000000776f80000,0x0000000776f80000,0x000000079aa80000)
 ParOldGen       total 5811200K, used 1827300K [0x00000005ac000000, 0x000000070eb00000, 0x000000070eb00000)
  object space 5811200K, 31% used [0x00000005ac000000,0x000000061b879208,0x000000070eb00000)
 Metaspace       used 149432K, capacity 153563K, committed 153768K, reserved 1177600K
  class space    used 23558K, capacity 24550K, committed 24744K, reserved 1048576K
Event: 171.382 GC heap after
Heap after GC invocations=49 (full 6):
 PSYoungGen      total 2293248K, used 214563K [0x000000070eb00000, 0x00000007c0000000, 0x00000007c0000000)
  eden space 1708544K, 0% used [0x000000070eb00000,0x000000070eb00000,0x0000000776f80000)
  from space 584704K, 36% used [0x0000000776f80000,0x0000000784108fb8,0x000000079aa80000)
  to   space 552960K, 0% used [0x000000079e400000,0x000000079e400000,0x00000007c0000000)
 ParOldGen       total 5811200K, used 1827308K [0x00000005ac000000, 0x000000070eb00000, 0x000000070eb00000)
  object space 5811200K, 31% used [0x00000005ac000000,0x000000061b87b208,0x000000070eb00000)
 Metaspace       used 149432K, capacity 153563K, committed 153768K, reserved 1177600K
  class space    used 23558K, capacity 24550K, committed 24744K, reserved 1048576K
}
Event: 175.058 GC heap before
{Heap before GC invocations=50 (full 6):
 PSYoungGen      total 2293248K, used 1367334K [0x000000070eb00000, 0x00000007c0000000, 0x00000007c0000000)
  eden space 1708544K, 67% used [0x000000070eb00000,0x00000007550c0c00,0x0000000776f80000)
  from space 584704K, 36% used [0x0000000776f80000,0x0000000784108fb8,0x000000079aa80000)
  to   space 552960K, 0% used [0x000000079e400000,0x000000079e400000,0x00000007c0000000)
 ParOldGen       total 5811200K, used 1827308K [0x00000005ac000000, 0x000000070eb00000, 0x000000070eb00000)
  object space 5811200K, 31% used [0x00000005ac000000,0x000000061b87b208,0x000000070eb00000)
 Metaspace       used 154105K, capacity 158297K, committed 158760K, reserved 1183744K
  class space    used 24098K, capacity 25123K, committed 25384K, reserved 1048576K
Event: 175.120 GC heap after
Heap after GC invocations=50 (full 6):
 PSYoungGen      total 2365952K, used 254508K [0x000000070eb00000, 0x00000007c0000000, 0x00000007c0000000)
  eden space 1812992K, 0% used [0x000000070eb00000,0x000000070eb00000,0x000000077d580000)
  from space 552960K, 46% used [0x000000079e400000,0x00000007adc8b2b8,0x00000007c0000000)
  to   space 539136K, 0% used [0x000000077d580000,0x000000077d580000,0x000000079e400000)
 ParOldGen       total 5811200K, used 1827316K [0x00000005ac000000, 0x000000070eb00000, 0x000000070eb00000)
  object space 5811200K, 31% used [0x00000005ac000000,0x000000061b87d208,0x000000070eb00000)
 Metaspace       used 154105K, capacity 158297K, committed 158760K, reserved 1183744K
  class space    used 24098K, capacity 25123K, committed 25384K, reserved 1048576K
}

